
*** Running vivado
    with args -log demo_rom2.vds -m64 -product Vivado -mode batch -messageDb vivado.pb -notrace -source demo_rom2.tcl


****** Vivado v2019.1 (64-bit)
  **** SW Build 2552052 on Fri May 24 14:49:42 MDT 2019
  **** IP Build 2548770 on Fri May 24 18:01:18 MDT 2019
    ** Copyright 1986-2019 Xilinx, Inc. All Rights Reserved.

source demo_rom2.tcl -notrace
INFO: [IP_Flow 19-234] Refreshing IP repositories
INFO: [IP_Flow 19-1700] Loaded user IP repository 'c:/Users/adamp/Desktop/Fall 2019/6.111/6111/vivado-library'.
INFO: [IP_Flow 19-1700] Loaded user IP repository 'c:/Users/adamp/Desktop/Fall 2019/6.111/6111/tabletop_hologram.srcs/sources_1/ip'.
INFO: [IP_Flow 19-2313] Loaded Vivado IP repository 'D:/Programs/Xilynx/Vivado/2019.1/data/ip'.
Command: synth_design -top demo_rom2 -part xc7a200tsbg484-3 -mode out_of_context
Starting synth_design
Attempting to get a license for feature 'Synthesis' and/or device 'xc7a200t'
INFO: [Common 17-349] Got license for feature 'Synthesis' and/or device 'xc7a200t'
INFO: [Device 21-403] Loading part xc7a200tsbg484-3
INFO: Launching helper process for spawning children vivado processes
INFO: Helper process launched with PID 19896 
---------------------------------------------------------------------------------
Starting RTL Elaboration : Time (s): cpu = 00:00:08 ; elapsed = 00:00:10 . Memory (MB): peak = 856.965 ; gain = 178.133
---------------------------------------------------------------------------------
