
*** Running vivado
    with args -log frame_buffer.vds -m64 -product Vivado -mode batch -messageDb vivado.pb -notrace -source frame_buffer.tcl


****** Vivado v2019.1 (64-bit)
  **** SW Build 2552052 on Fri May 24 14:49:42 MDT 2019
  **** IP Build 2548770 on Fri May 24 18:01:18 MDT 2019
    ** Copyright 1986-2019 Xilinx, Inc. All Rights Reserved.

source frame_buffer.tcl -notrace
INFO: [IP_Flow 19-234] Refreshing IP repositories
INFO: [IP_Flow 19-1700] Loaded user IP repository 'c:/Users/adamp/Desktop/Fall 2019/6.111/6111/vivado-library'.
INFO: [IP_Flow 19-1700] Loaded user IP repository 'c:/Users/adamp/Desktop/Fall 2019/6.111/6111/tabletop_hologram.srcs/sources_1/ip'.
INFO: [IP_Flow 19-2313] Loaded Vivado IP repository 'D:/Programs/Xilynx/Vivado/2019.1/data/ip'.
Command: synth_design -top frame_buffer -part xc7a200tsbg484-3 -mode out_of_context
Starting synth_design
Attempting to get a license for feature 'Synthesis' and/or device 'xc7a200t'
INFO: [Common 17-349] Got license for feature 'Synthesis' and/or device 'xc7a200t'
INFO: [Device 21-403] Loading part xc7a200tsbg484-3
INFO: Launching helper process for spawning children vivado processes
INFO: Helper process launched with PID 14676 
---------------------------------------------------------------------------------
Starting RTL Elaboration : Time (s): cpu = 00:00:13 ; elapsed = 00:00:15 . Memory (MB): peak = 854.570 ; gain = 177.832
---------------------------------------------------------------------------------
INFO: [Synth 8-638] synthesizing module 'frame_buffer' [c:/Users/adamp/Desktop/Fall 2019/6.111/6111/tabletop_hologram.srcs/sources_1/ip/frame_buffer_1/synth/frame_buffer.vhd:71]
	Parameter C_FAMILY bound to: artix7 - type: string 
	Parameter C_XDEVICEFAMILY bound to: artix7 - type: string 
	Parameter C_ELABORATION_DIR bound to: ./ - type: string 
	Parameter C_INTERFACE_TYPE bound to: 0 - type: integer 
	Parameter C_AXI_TYPE bound to: 1 - type: integer 
	Parameter C_AXI_SLAVE_TYPE bound to: 0 - type: integer 
	Parameter C_USE_BRAM_BLOCK bound to: 0 - type: integer 
	Parameter C_ENABLE_32BIT_ADDRESS bound to: 0 - type: integer 
	Parameter C_CTRL_ECC_ALGO bound to: NONE - type: string 
	Parameter C_HAS_AXI_ID bound to: 0 - type: integer 
	Parameter C_AXI_ID_WIDTH bound to: 4 - type: integer 
	Parameter C_MEM_TYPE bound to: 1 - type: integer 
	Parameter C_BYTE_SIZE bound to: 9 - type: integer 
	Parameter C_ALGORITHM bound to: 1 - type: integer 
	Parameter C_PRIM_TYPE bound to: 1 - type: integer 
	Parameter C_LOAD_INIT_FILE bound to: 0 - type: integer 
	Parameter C_INIT_FILE_NAME bound to: no_coe_file_loaded - type: string 
	Parameter C_INIT_FILE bound to: frame_buffer.mem - type: string 
	Parameter C_USE_DEFAULT_DATA bound to: 1 - type: integer 
	Parameter C_DEFAULT_DATA bound to: 000800 - type: string 
	Parameter C_HAS_RSTA bound to: 0 - type: integer 
	Parameter C_RST_PRIORITY_A bound to: CE - type: string 
	Parameter C_RSTRAM_A bound to: 0 - type: integer 
	Parameter C_INITA_VAL bound to: 0 - type: string 
	Parameter C_HAS_ENA bound to: 0 - type: integer 
	Parameter C_HAS_REGCEA bound to: 0 - type: integer 
	Parameter C_USE_BYTE_WEA bound to: 0 - type: integer 
	Parameter C_WEA_WIDTH bound to: 1 - type: integer 
	Parameter C_WRITE_MODE_A bound to: NO_CHANGE - type: string 
	Parameter C_WRITE_WIDTH_A bound to: 24 - type: integer 
	Parameter C_READ_WIDTH_A bound to: 24 - type: integer 
	Parameter C_WRITE_DEPTH_A bound to: 160000 - type: integer 
	Parameter C_READ_DEPTH_A bound to: 160000 - type: integer 
	Parameter C_ADDRA_WIDTH bound to: 18 - type: integer 
	Parameter C_HAS_RSTB bound to: 0 - type: integer 
	Parameter C_RST_PRIORITY_B bound to: CE - type: string 
	Parameter C_RSTRAM_B bound to: 0 - type: integer 
	Parameter C_INITB_VAL bound to: 0 - type: string 
	Parameter C_HAS_ENB bound to: 0 - type: integer 
	Parameter C_HAS_REGCEB bound to: 0 - type: integer 
	Parameter C_USE_BYTE_WEB bound to: 0 - type: integer 
	Parameter C_WEB_WIDTH bound to: 1 - type: integer 
	Parameter C_WRITE_MODE_B bound to: READ_FIRST - type: string 
	Parameter C_WRITE_WIDTH_B bound to: 24 - type: integer 
	Parameter C_READ_WIDTH_B bound to: 24 - type: integer 
	Parameter C_WRITE_DEPTH_B bound to: 160000 - type: integer 
	Parameter C_READ_DEPTH_B bound to: 160000 - type: integer 
	Parameter C_ADDRB_WIDTH bound to: 18 - type: integer 
	Parameter C_HAS_MEM_OUTPUT_REGS_A bound to: 0 - type: integer 
	Parameter C_HAS_MEM_OUTPUT_REGS_B bound to: 1 - type: integer 
	Parameter C_HAS_MUX_OUTPUT_REGS_A bound to: 0 - type: integer 
	Parameter C_HAS_MUX_OUTPUT_REGS_B bound to: 0 - type: integer 
	Parameter C_MUX_PIPELINE_STAGES bound to: 0 - type: integer 
	Parameter C_HAS_SOFTECC_INPUT_REGS_A bound to: 0 - type: integer 
	Parameter C_HAS_SOFTECC_OUTPUT_REGS_B bound to: 0 - type: integer 
	Parameter C_USE_SOFTECC bound to: 0 - type: integer 
	Parameter C_USE_ECC bound to: 0 - type: integer 
	Parameter C_EN_ECC_PIPE bound to: 0 - type: integer 
	Parameter C_READ_LATENCY_A bound to: 1 - type: integer 
	Parameter C_READ_LATENCY_B bound to: 1 - type: integer 
	Parameter C_HAS_INJECTERR bound to: 0 - type: integer 
	Parameter C_SIM_COLLISION_CHECK bound to: ALL - type: string 
	Parameter C_COMMON_CLK bound to: 1 - type: integer 
	Parameter C_DISABLE_WARN_BHV_COLL bound to: 0 - type: integer 
	Parameter C_EN_SLEEP_PIN bound to: 0 - type: integer 
	Parameter C_USE_URAM bound to: 0 - type: integer 
	Parameter C_EN_RDADDRA_CHG bound to: 0 - type: integer 
	Parameter C_EN_RDADDRB_CHG bound to: 0 - type: integer 
	Parameter C_EN_DEEPSLEEP_PIN bound to: 0 - type: integer 
	Parameter C_EN_SHUTDOWN_PIN bound to: 0 - type: integer 
	Parameter C_EN_SAFETY_CKT bound to: 0 - type: integer 
	Parameter C_DISABLE_WARN_BHV_RANGE bound to: 0 - type: integer 
	Parameter C_COUNT_36K_BRAM bound to: 108 - type: string 
	Parameter C_COUNT_18K_BRAM bound to: 1 - type: string 
	Parameter C_EST_POWER_SUMMARY bound to: Estimated Power for IP     :     35.842748 mW - type: string 
INFO: [Synth 8-3491] module 'blk_mem_gen_v8_4_3' declared at 'c:/Users/adamp/Desktop/Fall 2019/6.111/6111/tabletop_hologram.srcs/sources_1/ip/frame_buffer_1/hdl/blk_mem_gen_v8_4_vhsyn_rfs.vhd:195321' bound to instance 'U0' of component 'blk_mem_gen_v8_4_3' [c:/Users/adamp/Desktop/Fall 2019/6.111/6111/tabletop_hologram.srcs/sources_1/ip/frame_buffer_1/synth/frame_buffer.vhd:239]
INFO: [Synth 8-256] done synthesizing module 'frame_buffer' (11#1) [c:/Users/adamp/Desktop/Fall 2019/6.111/6111/tabletop_hologram.srcs/sources_1/ip/frame_buffer_1/synth/frame_buffer.vhd:71]
WARNING: [Synth 8-3331] design blk_mem_gen_mux__parameterized0 has unconnected port MUX_RST[0]
WARNING: [Synth 8-3331] design blk_mem_gen_mux__parameterized0 has unconnected port MEM_LAT_RST
WARNING: [Synth 8-3331] design blk_mem_gen_mux__parameterized0 has unconnected port MUX_REGCE[0]
WARNING: [Synth 8-3331] design blk_mem_gen_mux__parameterized0 has unconnected port WE
WARNING: [Synth 8-3331] design blk_mem_gen_mux__parameterized0 has unconnected port ADDR_IN[17]
WARNING: [Synth 8-3331] design blk_mem_gen_mux__parameterized0 has unconnected port ADDR_IN[16]
WARNING: [Synth 8-3331] design blk_mem_gen_mux__parameterized0 has unconnected port ADDR_IN[15]
WARNING: [Synth 8-3331] design blk_mem_gen_mux__parameterized0 has unconnected port ADDR_IN[14]
WARNING: [Synth 8-3331] design blk_mem_gen_mux__parameterized0 has unconnected port ADDR_IN[13]
WARNING: [Synth 8-3331] design blk_mem_gen_mux__parameterized0 has unconnected port ADDR_IN[12]
WARNING: [Synth 8-3331] design blk_mem_gen_mux__parameterized0 has unconnected port ADDR_IN[11]
WARNING: [Synth 8-3331] design blk_mem_gen_mux__parameterized0 has unconnected port ADDR_IN[10]
WARNING: [Synth 8-3331] design blk_mem_gen_mux__parameterized0 has unconnected port ADDR_IN[9]
WARNING: [Synth 8-3331] design blk_mem_gen_mux__parameterized0 has unconnected port ADDR_IN[8]
WARNING: [Synth 8-3331] design blk_mem_gen_mux__parameterized0 has unconnected port ADDR_IN[7]
WARNING: [Synth 8-3331] design blk_mem_gen_mux__parameterized0 has unconnected port ADDR_IN[6]
WARNING: [Synth 8-3331] design blk_mem_gen_mux__parameterized0 has unconnected port ADDR_IN[5]
WARNING: [Synth 8-3331] design blk_mem_gen_mux__parameterized0 has unconnected port ADDR_IN[4]
WARNING: [Synth 8-3331] design blk_mem_gen_mux__parameterized0 has unconnected port ADDR_IN[3]
WARNING: [Synth 8-3331] design blk_mem_gen_mux__parameterized0 has unconnected port ADDR_IN[2]
WARNING: [Synth 8-3331] design blk_mem_gen_mux__parameterized0 has unconnected port ADDR_IN[1]
WARNING: [Synth 8-3331] design blk_mem_gen_mux__parameterized0 has unconnected port ADDR_IN[0]
WARNING: [Synth 8-3331] design blk_mem_gen_mux__parameterized0 has unconnected port SBITERRIN[6143]
WARNING: [Synth 8-3331] design blk_mem_gen_mux__parameterized0 has unconnected port SBITERRIN[6142]
WARNING: [Synth 8-3331] design blk_mem_gen_mux__parameterized0 has unconnected port SBITERRIN[6141]
WARNING: [Synth 8-3331] design blk_mem_gen_mux__parameterized0 has unconnected port SBITERRIN[6140]
WARNING: [Synth 8-3331] design blk_mem_gen_mux__parameterized0 has unconnected port SBITERRIN[6139]
WARNING: [Synth 8-3331] design blk_mem_gen_mux__parameterized0 has unconnected port SBITERRIN[6138]
WARNING: [Synth 8-3331] design blk_mem_gen_mux__parameterized0 has unconnected port SBITERRIN[6137]
WARNING: [Synth 8-3331] design blk_mem_gen_mux__parameterized0 has unconnected port SBITERRIN[6136]
WARNING: [Synth 8-3331] design blk_mem_gen_mux__parameterized0 has unconnected port SBITERRIN[6135]
WARNING: [Synth 8-3331] design blk_mem_gen_mux__parameterized0 has unconnected port SBITERRIN[6134]
WARNING: [Synth 8-3331] design blk_mem_gen_mux__parameterized0 has unconnected port SBITERRIN[6133]
WARNING: [Synth 8-3331] design blk_mem_gen_mux__parameterized0 has unconnected port SBITERRIN[6132]
WARNING: [Synth 8-3331] design blk_mem_gen_mux__parameterized0 has unconnected port SBITERRIN[6131]
WARNING: [Synth 8-3331] design blk_mem_gen_mux__parameterized0 has unconnected port SBITERRIN[6130]
WARNING: [Synth 8-3331] design blk_mem_gen_mux__parameterized0 has unconnected port SBITERRIN[6129]
WARNING: [Synth 8-3331] design blk_mem_gen_mux__parameterized0 has unconnected port SBITERRIN[6128]
WARNING: [Synth 8-3331] design blk_mem_gen_mux__parameterized0 has unconnected port SBITERRIN[6127]
WARNING: [Synth 8-3331] design blk_mem_gen_mux__parameterized0 has unconnected port SBITERRIN[6126]
WARNING: [Synth 8-3331] design blk_mem_gen_mux__parameterized0 has unconnected port SBITERRIN[6125]
WARNING: [Synth 8-3331] design blk_mem_gen_mux__parameterized0 has unconnected port SBITERRIN[6124]
WARNING: [Synth 8-3331] design blk_mem_gen_mux__parameterized0 has unconnected port SBITERRIN[6123]
WARNING: [Synth 8-3331] design blk_mem_gen_mux__parameterized0 has unconnected port SBITERRIN[6122]
WARNING: [Synth 8-3331] design blk_mem_gen_mux__parameterized0 has unconnected port SBITERRIN[6121]
WARNING: [Synth 8-3331] design blk_mem_gen_mux__parameterized0 has unconnected port SBITERRIN[6120]
WARNING: [Synth 8-3331] design blk_mem_gen_mux__parameterized0 has unconnected port SBITERRIN[6119]
WARNING: [Synth 8-3331] design blk_mem_gen_mux__parameterized0 has unconnected port SBITERRIN[6118]
WARNING: [Synth 8-3331] design blk_mem_gen_mux__parameterized0 has unconnected port SBITERRIN[6117]
WARNING: [Synth 8-3331] design blk_mem_gen_mux__parameterized0 has unconnected port SBITERRIN[6116]
WARNING: [Synth 8-3331] design blk_mem_gen_mux__parameterized0 has unconnected port SBITERRIN[6115]
WARNING: [Synth 8-3331] design blk_mem_gen_mux__parameterized0 has unconnected port SBITERRIN[6114]
WARNING: [Synth 8-3331] design blk_mem_gen_mux__parameterized0 has unconnected port SBITERRIN[6113]
WARNING: [Synth 8-3331] design blk_mem_gen_mux__parameterized0 has unconnected port SBITERRIN[6112]
WARNING: [Synth 8-3331] design blk_mem_gen_mux__parameterized0 has unconnected port SBITERRIN[6111]
WARNING: [Synth 8-3331] design blk_mem_gen_mux__parameterized0 has unconnected port SBITERRIN[6110]
WARNING: [Synth 8-3331] design blk_mem_gen_mux__parameterized0 has unconnected port SBITERRIN[6109]
WARNING: [Synth 8-3331] design blk_mem_gen_mux__parameterized0 has unconnected port SBITERRIN[6108]
WARNING: [Synth 8-3331] design blk_mem_gen_mux__parameterized0 has unconnected port SBITERRIN[6107]
WARNING: [Synth 8-3331] design blk_mem_gen_mux__parameterized0 has unconnected port SBITERRIN[6106]
WARNING: [Synth 8-3331] design blk_mem_gen_mux__parameterized0 has unconnected port SBITERRIN[6105]
WARNING: [Synth 8-3331] design blk_mem_gen_mux__parameterized0 has unconnected port SBITERRIN[6104]
WARNING: [Synth 8-3331] design blk_mem_gen_mux__parameterized0 has unconnected port SBITERRIN[6103]
WARNING: [Synth 8-3331] design blk_mem_gen_mux__parameterized0 has unconnected port SBITERRIN[6102]
WARNING: [Synth 8-3331] design blk_mem_gen_mux__parameterized0 has unconnected port SBITERRIN[6101]
WARNING: [Synth 8-3331] design blk_mem_gen_mux__parameterized0 has unconnected port SBITERRIN[6100]
WARNING: [Synth 8-3331] design blk_mem_gen_mux__parameterized0 has unconnected port SBITERRIN[6099]
WARNING: [Synth 8-3331] design blk_mem_gen_mux__parameterized0 has unconnected port SBITERRIN[6098]
WARNING: [Synth 8-3331] design blk_mem_gen_mux__parameterized0 has unconnected port SBITERRIN[6097]
WARNING: [Synth 8-3331] design blk_mem_gen_mux__parameterized0 has unconnected port SBITERRIN[6096]
WARNING: [Synth 8-3331] design blk_mem_gen_mux__parameterized0 has unconnected port SBITERRIN[6095]
WARNING: [Synth 8-3331] design blk_mem_gen_mux__parameterized0 has unconnected port SBITERRIN[6094]
WARNING: [Synth 8-3331] design blk_mem_gen_mux__parameterized0 has unconnected port SBITERRIN[6093]
WARNING: [Synth 8-3331] design blk_mem_gen_mux__parameterized0 has unconnected port SBITERRIN[6092]
WARNING: [Synth 8-3331] design blk_mem_gen_mux__parameterized0 has unconnected port SBITERRIN[6091]
WARNING: [Synth 8-3331] design blk_mem_gen_mux__parameterized0 has unconnected port SBITERRIN[6090]
WARNING: [Synth 8-3331] design blk_mem_gen_mux__parameterized0 has unconnected port SBITERRIN[6089]
WARNING: [Synth 8-3331] design blk_mem_gen_mux__parameterized0 has unconnected port SBITERRIN[6088]
WARNING: [Synth 8-3331] design blk_mem_gen_mux__parameterized0 has unconnected port SBITERRIN[6087]
WARNING: [Synth 8-3331] design blk_mem_gen_mux__parameterized0 has unconnected port SBITERRIN[6086]
WARNING: [Synth 8-3331] design blk_mem_gen_mux__parameterized0 has unconnected port SBITERRIN[6085]
WARNING: [Synth 8-3331] design blk_mem_gen_mux__parameterized0 has unconnected port SBITERRIN[6084]
WARNING: [Synth 8-3331] design blk_mem_gen_mux__parameterized0 has unconnected port SBITERRIN[6083]
WARNING: [Synth 8-3331] design blk_mem_gen_mux__parameterized0 has unconnected port SBITERRIN[6082]
WARNING: [Synth 8-3331] design blk_mem_gen_mux__parameterized0 has unconnected port SBITERRIN[6081]
WARNING: [Synth 8-3331] design blk_mem_gen_mux__parameterized0 has unconnected port SBITERRIN[6080]
WARNING: [Synth 8-3331] design blk_mem_gen_mux__parameterized0 has unconnected port SBITERRIN[6079]
WARNING: [Synth 8-3331] design blk_mem_gen_mux__parameterized0 has unconnected port SBITERRIN[6078]
WARNING: [Synth 8-3331] design blk_mem_gen_mux__parameterized0 has unconnected port SBITERRIN[6077]
WARNING: [Synth 8-3331] design blk_mem_gen_mux__parameterized0 has unconnected port SBITERRIN[6076]
WARNING: [Synth 8-3331] design blk_mem_gen_mux__parameterized0 has unconnected port SBITERRIN[6075]
WARNING: [Synth 8-3331] design blk_mem_gen_mux__parameterized0 has unconnected port SBITERRIN[6074]
WARNING: [Synth 8-3331] design blk_mem_gen_mux__parameterized0 has unconnected port SBITERRIN[6073]
WARNING: [Synth 8-3331] design blk_mem_gen_mux__parameterized0 has unconnected port SBITERRIN[6072]
WARNING: [Synth 8-3331] design blk_mem_gen_mux__parameterized0 has unconnected port SBITERRIN[6071]
WARNING: [Synth 8-3331] design blk_mem_gen_mux__parameterized0 has unconnected port SBITERRIN[6070]
WARNING: [Synth 8-3331] design blk_mem_gen_mux__parameterized0 has unconnected port SBITERRIN[6069]
WARNING: [Synth 8-3331] design blk_mem_gen_mux__parameterized0 has unconnected port SBITERRIN[6068]
WARNING: [Synth 8-3331] design blk_mem_gen_mux__parameterized0 has unconnected port SBITERRIN[6067]
WARNING: [Synth 8-3331] design blk_mem_gen_mux__parameterized0 has unconnected port SBITERRIN[6066]
INFO: [Common 17-14] Message 'Synth 8-3331' appears 100 times and further instances of the messages will be disabled. Use the Tcl command set_msg_config to change the current settings.
---------------------------------------------------------------------------------
Finished RTL Elaboration : Time (s): cpu = 00:08:10 ; elapsed = 00:08:19 . Memory (MB): peak = 2181.141 ; gain = 1504.402
---------------------------------------------------------------------------------

Report Check Netlist: 
+------+------------------+-------+---------+-------+------------------+
|      |Item              |Errors |Warnings |Status |Description       |
+------+------------------+-------+---------+-------+------------------+
|1     |multi_driven_nets |      0|        0|Passed |Multi driven nets |
+------+------------------+-------+---------+-------+------------------+
---------------------------------------------------------------------------------
Start Handling Custom Attributes
---------------------------------------------------------------------------------
---------------------------------------------------------------------------------
Finished Handling Custom Attributes : Time (s): cpu = 00:08:11 ; elapsed = 00:08:20 . Memory (MB): peak = 2181.141 ; gain = 1504.402
---------------------------------------------------------------------------------
---------------------------------------------------------------------------------
Finished RTL Optimization Phase 1 : Time (s): cpu = 00:08:11 ; elapsed = 00:08:20 . Memory (MB): peak = 2181.141 ; gain = 1504.402
---------------------------------------------------------------------------------
INFO: [Netlist 29-17] Analyzing 109 Unisim elements for replacement
INFO: [Netlist 29-28] Unisim Transformation completed in 0 CPU seconds
INFO: [Project 1-570] Preparing netlist for logic optimization

Processing XDC Constraints
Initializing timing engine
Parsing XDC File [c:/Users/adamp/Desktop/Fall 2019/6.111/6111/tabletop_hologram.srcs/sources_1/ip/frame_buffer_1/frame_buffer_ooc.xdc] for cell 'U0'
Finished Parsing XDC File [c:/Users/adamp/Desktop/Fall 2019/6.111/6111/tabletop_hologram.srcs/sources_1/ip/frame_buffer_1/frame_buffer_ooc.xdc] for cell 'U0'
Parsing XDC File [C:/Users/adamp/Desktop/Fall 2019/6.111/6111/tabletop_hologram.runs/frame_buffer_synth_1/dont_touch.xdc]
Finished Parsing XDC File [C:/Users/adamp/Desktop/Fall 2019/6.111/6111/tabletop_hologram.runs/frame_buffer_synth_1/dont_touch.xdc]
Completed Processing XDC Constraints

Netlist sorting complete. Time (s): cpu = 00:00:00 ; elapsed = 00:00:00.002 . Memory (MB): peak = 2181.141 ; gain = 0.000
INFO: [Project 1-111] Unisim Transformation Summary:
No Unisim elements were transformed.

Constraint Validation Runtime : Time (s): cpu = 00:00:00 ; elapsed = 00:00:00.225 . Memory (MB): peak = 2181.141 ; gain = 0.000
---------------------------------------------------------------------------------
Finished Constraint Validation : Time (s): cpu = 00:08:21 ; elapsed = 00:08:31 . Memory (MB): peak = 2181.141 ; gain = 1504.402
---------------------------------------------------------------------------------
---------------------------------------------------------------------------------
Start Loading Part and Timing Information
---------------------------------------------------------------------------------
Loading part: xc7a200tsbg484-3
---------------------------------------------------------------------------------
Finished Loading Part and Timing Information : Time (s): cpu = 00:08:21 ; elapsed = 00:08:31 . Memory (MB): peak = 2181.141 ; gain = 1504.402
---------------------------------------------------------------------------------
---------------------------------------------------------------------------------
Start Applying 'set_property' XDC Constraints
---------------------------------------------------------------------------------
Applied set_property DONT_TOUCH = true for U0. (constraint file  {C:/Users/adamp/Desktop/Fall 2019/6.111/6111/tabletop_hologram.runs/frame_buffer_synth_1/dont_touch.xdc}, line 9).
---------------------------------------------------------------------------------
Finished applying 'set_property' XDC Constraints : Time (s): cpu = 00:08:21 ; elapsed = 00:08:31 . Memory (MB): peak = 2181.141 ; gain = 1504.402
---------------------------------------------------------------------------------
---------------------------------------------------------------------------------
Finished RTL Optimization Phase 2 : Time (s): cpu = 00:08:45 ; elapsed = 00:08:57 . Memory (MB): peak = 2181.141 ; gain = 1504.402
---------------------------------------------------------------------------------

Report RTL Partitions: 
+-+--------------+------------+----------+
| |RTL Partition |Replication |Instances |
+-+--------------+------------+----------+
+-+--------------+------------+----------+
---------------------------------------------------------------------------------
Start RTL Component Statistics 
---------------------------------------------------------------------------------
Detailed RTL Component Info : 
+---Registers : 
	               18 Bit    Registers := 1     
	                8 Bit    Registers := 3     
+---Muxes : 
	   2 Input      1 Bit        Muxes := 271   
---------------------------------------------------------------------------------
Finished RTL Component Statistics 
---------------------------------------------------------------------------------
---------------------------------------------------------------------------------
Start RTL Hierarchical Component Statistics 
---------------------------------------------------------------------------------
Hierarchical RTL Component report 
Module bindec 
Detailed RTL Component Info : 
+---Muxes : 
	   2 Input      1 Bit        Muxes := 135   
Module blk_mem_gen_mux 
Detailed RTL Component Info : 
+---Registers : 
	                8 Bit    Registers := 1     
Module blk_mem_gen_mux__parameterized0 
Detailed RTL Component Info : 
+---Registers : 
	               18 Bit    Registers := 1     
	                8 Bit    Registers := 2     
+---Muxes : 
	   2 Input      1 Bit        Muxes := 1     
---------------------------------------------------------------------------------
Finished RTL Hierarchical Component Statistics
---------------------------------------------------------------------------------
---------------------------------------------------------------------------------
Start Part Resource Summary
---------------------------------------------------------------------------------
Part Resources:
DSPs: 740 (col length:100)
BRAMs: 730 (col length: RAMB18 100 RAMB36 50)
---------------------------------------------------------------------------------
Finished Part Resource Summary
---------------------------------------------------------------------------------
---------------------------------------------------------------------------------
Start Cross Boundary and Area Optimization
---------------------------------------------------------------------------------
Warning: Parallel synthesis criteria is not met 
---------------------------------------------------------------------------------
Finished Cross Boundary and Area Optimization : Time (s): cpu = 00:09:01 ; elapsed = 00:09:16 . Memory (MB): peak = 2181.141 ; gain = 1504.402
---------------------------------------------------------------------------------

Report RTL Partitions: 
+-+--------------+------------+----------+
| |RTL Partition |Replication |Instances |
+-+--------------+------------+----------+
+-+--------------+------------+----------+
---------------------------------------------------------------------------------
Start Applying XDC Timing Constraints
---------------------------------------------------------------------------------
---------------------------------------------------------------------------------
Finished Applying XDC Timing Constraints : Time (s): cpu = 00:09:10 ; elapsed = 00:09:25 . Memory (MB): peak = 2181.141 ; gain = 1504.402
---------------------------------------------------------------------------------
---------------------------------------------------------------------------------
Start Timing Optimization
---------------------------------------------------------------------------------
---------------------------------------------------------------------------------
Finished Timing Optimization : Time (s): cpu = 00:09:11 ; elapsed = 00:09:26 . Memory (MB): peak = 2181.141 ; gain = 1504.402
---------------------------------------------------------------------------------

Report RTL Partitions: 
+-+--------------+------------+----------+
| |RTL Partition |Replication |Instances |
+-+--------------+------------+----------+
+-+--------------+------------+----------+
---------------------------------------------------------------------------------
Start Technology Mapping
---------------------------------------------------------------------------------
---------------------------------------------------------------------------------
Finished Technology Mapping : Time (s): cpu = 00:09:12 ; elapsed = 00:09:26 . Memory (MB): peak = 2181.141 ; gain = 1504.402
---------------------------------------------------------------------------------

Report RTL Partitions: 
+-+--------------+------------+----------+
| |RTL Partition |Replication |Instances |
+-+--------------+------------+----------+
+-+--------------+------------+----------+
---------------------------------------------------------------------------------
Start IO Insertion
---------------------------------------------------------------------------------
---------------------------------------------------------------------------------
Start Flattening Before IO Insertion
---------------------------------------------------------------------------------
---------------------------------------------------------------------------------
Finished Flattening Before IO Insertion
---------------------------------------------------------------------------------
---------------------------------------------------------------------------------
Start Final Netlist Cleanup
---------------------------------------------------------------------------------
---------------------------------------------------------------------------------
Finished Final Netlist Cleanup
---------------------------------------------------------------------------------
---------------------------------------------------------------------------------
Finished IO Insertion : Time (s): cpu = 00:09:14 ; elapsed = 00:09:28 . Memory (MB): peak = 2181.141 ; gain = 1504.402
---------------------------------------------------------------------------------

Report Check Netlist: 
+------+------------------+-------+---------+-------+------------------+
|      |Item              |Errors |Warnings |Status |Description       |
+------+------------------+-------+---------+-------+------------------+
|1     |multi_driven_nets |      0|        0|Passed |Multi driven nets |
+------+------------------+-------+---------+-------+------------------+
---------------------------------------------------------------------------------
Start Renaming Generated Instances
---------------------------------------------------------------------------------
---------------------------------------------------------------------------------
Finished Renaming Generated Instances : Time (s): cpu = 00:09:14 ; elapsed = 00:09:28 . Memory (MB): peak = 2181.141 ; gain = 1504.402
---------------------------------------------------------------------------------

Report RTL Partitions: 
+-+--------------+------------+----------+
| |RTL Partition |Replication |Instances |
+-+--------------+------------+----------+
+-+--------------+------------+----------+
---------------------------------------------------------------------------------
Start Rebuilding User Hierarchy
---------------------------------------------------------------------------------
---------------------------------------------------------------------------------
Finished Rebuilding User Hierarchy : Time (s): cpu = 00:09:14 ; elapsed = 00:09:29 . Memory (MB): peak = 2181.141 ; gain = 1504.402
---------------------------------------------------------------------------------
---------------------------------------------------------------------------------
Start Renaming Generated Ports
---------------------------------------------------------------------------------
---------------------------------------------------------------------------------
Finished Renaming Generated Ports : Time (s): cpu = 00:09:14 ; elapsed = 00:09:29 . Memory (MB): peak = 2181.141 ; gain = 1504.402
---------------------------------------------------------------------------------
---------------------------------------------------------------------------------
Start Handling Custom Attributes
---------------------------------------------------------------------------------
---------------------------------------------------------------------------------
Finished Handling Custom Attributes : Time (s): cpu = 00:09:14 ; elapsed = 00:09:29 . Memory (MB): peak = 2181.141 ; gain = 1504.402
---------------------------------------------------------------------------------
---------------------------------------------------------------------------------
Start Renaming Generated Nets
---------------------------------------------------------------------------------
---------------------------------------------------------------------------------
Finished Renaming Generated Nets : Time (s): cpu = 00:09:14 ; elapsed = 00:09:29 . Memory (MB): peak = 2181.141 ; gain = 1504.402
---------------------------------------------------------------------------------
---------------------------------------------------------------------------------
Start Writing Synthesis Report
---------------------------------------------------------------------------------

Report BlackBoxes: 
+-+--------------+----------+
| |BlackBox name |Instances |
+-+--------------+----------+
+-+--------------+----------+

Report Cell Usage: 
+------+-----------+------+
|      |Cell       |Count |
+------+-----------+------+
|1     |LUT2       |     6|
|2     |LUT3       |    21|
|3     |LUT4       |     2|
|4     |LUT5       |    61|
|5     |LUT6       |   241|
|6     |MUXF7      |   108|
|7     |RAMB18E1   |     1|
|8     |RAMB36E1   |    39|
|9     |RAMB36E1_1 |    39|
|10    |RAMB36E1_2 |    12|
|11    |RAMB36E1_3 |    12|
|12    |RAMB36E1_4 |     6|
|13    |FDRE       |    17|
+------+-----------+------+

Report Instance Areas: 
+------+---------------------------------------------+-----------------------------------------------+------+
|      |Instance                                     |Module                                         |Cells |
+------+---------------------------------------------+-----------------------------------------------+------+
|1     |top                                          |                                               |   565|
|2     |  U0                                         |blk_mem_gen_v8_4_3                             |   565|
|3     |    inst_blk_mem_gen                         |blk_mem_gen_v8_4_3_synth                       |   565|
|4     |      \gnbram.gnativebmg.native_blk_mem_gen  |blk_mem_gen_top                                |   565|
|5     |        \valid.cstr                          |blk_mem_gen_generic_cstr                       |   565|
|6     |          \has_mux_b.B                       |blk_mem_gen_mux__parameterized0                |   365|
|7     |          \ramloop[0].ram.r                  |blk_mem_gen_prim_width                         |     3|
|8     |            \prim_init.ram                   |blk_mem_gen_prim_wrapper_init                  |     3|
|9     |          \ramloop[10].ram.r                 |blk_mem_gen_prim_width__parameterized9         |     3|
|10    |            \prim_init.ram                   |blk_mem_gen_prim_wrapper_init__parameterized9  |     3|
|11    |          \ramloop[11].ram.r                 |blk_mem_gen_prim_width__parameterized10        |     3|
|12    |            \prim_init.ram                   |blk_mem_gen_prim_wrapper_init__parameterized10 |     3|
|13    |          \ramloop[12].ram.r                 |blk_mem_gen_prim_width__parameterized11        |     3|
|14    |            \prim_init.ram                   |blk_mem_gen_prim_wrapper_init__parameterized11 |     3|
|15    |          \ramloop[13].ram.r                 |blk_mem_gen_prim_width__parameterized12        |     3|
|16    |            \prim_init.ram                   |blk_mem_gen_prim_wrapper_init__parameterized12 |     3|
|17    |          \ramloop[14].ram.r                 |blk_mem_gen_prim_width__parameterized13        |     3|
|18    |            \prim_init.ram                   |blk_mem_gen_prim_wrapper_init__parameterized13 |     3|
|19    |          \ramloop[15].ram.r                 |blk_mem_gen_prim_width__parameterized14        |     3|
|20    |            \prim_init.ram                   |blk_mem_gen_prim_wrapper_init__parameterized14 |     3|
|21    |          \ramloop[16].ram.r                 |blk_mem_gen_prim_width__parameterized15        |     3|
|22    |            \prim_init.ram                   |blk_mem_gen_prim_wrapper_init__parameterized15 |     3|
|23    |          \ramloop[17].ram.r                 |blk_mem_gen_prim_width__parameterized16        |     3|
|24    |            \prim_init.ram                   |blk_mem_gen_prim_wrapper_init__parameterized16 |     3|
|25    |          \ramloop[18].ram.r                 |blk_mem_gen_prim_width__parameterized17        |     3|
|26    |            \prim_init.ram                   |blk_mem_gen_prim_wrapper_init__parameterized17 |     3|
|27    |          \ramloop[19].ram.r                 |blk_mem_gen_prim_width__parameterized18        |     3|
|28    |            \prim_init.ram                   |blk_mem_gen_prim_wrapper_init__parameterized18 |     3|
|29    |          \ramloop[1].ram.r                  |blk_mem_gen_prim_width__parameterized0         |     3|
|30    |            \prim_init.ram                   |blk_mem_gen_prim_wrapper_init__parameterized0  |     3|
|31    |          \ramloop[20].ram.r                 |blk_mem_gen_prim_width__parameterized19        |     3|
|32    |            \prim_init.ram                   |blk_mem_gen_prim_wrapper_init__parameterized19 |     3|
|33    |          \ramloop[21].ram.r                 |blk_mem_gen_prim_width__parameterized20        |     3|
|34    |            \prim_init.ram                   |blk_mem_gen_prim_wrapper_init__parameterized20 |     3|
|35    |          \ramloop[22].ram.r                 |blk_mem_gen_prim_width__parameterized21        |     3|
|36    |            \prim_init.ram                   |blk_mem_gen_prim_wrapper_init__parameterized21 |     3|
|37    |          \ramloop[23].ram.r                 |blk_mem_gen_prim_width__parameterized22        |     3|
|38    |            \prim_init.ram                   |blk_mem_gen_prim_wrapper_init__parameterized22 |     3|
|39    |          \ramloop[24].ram.r                 |blk_mem_gen_prim_width__parameterized23        |     3|
|40    |            \prim_init.ram                   |blk_mem_gen_prim_wrapper_init__parameterized23 |     3|
|41    |          \ramloop[25].ram.r                 |blk_mem_gen_prim_width__parameterized24        |     3|
|42    |            \prim_init.ram                   |blk_mem_gen_prim_wrapper_init__parameterized24 |     3|
|43    |          \ramloop[26].ram.r                 |blk_mem_gen_prim_width__parameterized25        |     3|
|44    |            \prim_init.ram                   |blk_mem_gen_prim_wrapper_init__parameterized25 |     3|
|45    |          \ramloop[27].ram.r                 |blk_mem_gen_prim_width__parameterized26        |     3|
|46    |            \prim_init.ram                   |blk_mem_gen_prim_wrapper_init__parameterized26 |     3|
|47    |          \ramloop[28].ram.r                 |blk_mem_gen_prim_width__parameterized27        |     3|
|48    |            \prim_init.ram                   |blk_mem_gen_prim_wrapper_init__parameterized27 |     3|
|49    |          \ramloop[29].ram.r                 |blk_mem_gen_prim_width__parameterized28        |     3|
|50    |            \prim_init.ram                   |blk_mem_gen_prim_wrapper_init__parameterized28 |     3|
|51    |          \ramloop[2].ram.r                  |blk_mem_gen_prim_width__parameterized1         |     3|
|52    |            \prim_init.ram                   |blk_mem_gen_prim_wrapper_init__parameterized1  |     3|
|53    |          \ramloop[30].ram.r                 |blk_mem_gen_prim_width__parameterized29        |     3|
|54    |            \prim_init.ram                   |blk_mem_gen_prim_wrapper_init__parameterized29 |     3|
|55    |          \ramloop[31].ram.r                 |blk_mem_gen_prim_width__parameterized30        |     3|
|56    |            \prim_init.ram                   |blk_mem_gen_prim_wrapper_init__parameterized30 |     3|
|57    |          \ramloop[32].ram.r                 |blk_mem_gen_prim_width__parameterized31        |     3|
|58    |            \prim_init.ram                   |blk_mem_gen_prim_wrapper_init__parameterized31 |     3|
|59    |          \ramloop[33].ram.r                 |blk_mem_gen_prim_width__parameterized32        |     3|
|60    |            \prim_init.ram                   |blk_mem_gen_prim_wrapper_init__parameterized32 |     3|
|61    |          \ramloop[34].ram.r                 |blk_mem_gen_prim_width__parameterized33        |     3|
|62    |            \prim_init.ram                   |blk_mem_gen_prim_wrapper_init__parameterized33 |     3|
|63    |          \ramloop[35].ram.r                 |blk_mem_gen_prim_width__parameterized34        |     3|
|64    |            \prim_init.ram                   |blk_mem_gen_prim_wrapper_init__parameterized34 |     3|
|65    |          \ramloop[36].ram.r                 |blk_mem_gen_prim_width__parameterized35        |     4|
|66    |            \prim_init.ram                   |blk_mem_gen_prim_wrapper_init__parameterized35 |     4|
|67    |          \ramloop[37].ram.r                 |blk_mem_gen_prim_width__parameterized36        |     4|
|68    |            \prim_init.ram                   |blk_mem_gen_prim_wrapper_init__parameterized36 |     4|
|69    |          \ramloop[38].ram.r                 |blk_mem_gen_prim_width__parameterized37        |     4|
|70    |            \prim_init.ram                   |blk_mem_gen_prim_wrapper_init__parameterized37 |     4|
|71    |          \ramloop[39].ram.r                 |blk_mem_gen_prim_width__parameterized38        |     5|
|72    |            \prim_init.ram                   |blk_mem_gen_prim_wrapper_init__parameterized38 |     5|
|73    |          \ramloop[3].ram.r                  |blk_mem_gen_prim_width__parameterized2         |     3|
|74    |            \prim_init.ram                   |blk_mem_gen_prim_wrapper_init__parameterized2  |     3|
|75    |          \ramloop[40].ram.r                 |blk_mem_gen_prim_width__parameterized39        |     1|
|76    |            \prim_init.ram                   |blk_mem_gen_prim_wrapper_init__parameterized39 |     1|
|77    |          \ramloop[41].ram.r                 |blk_mem_gen_prim_width__parameterized40        |     1|
|78    |            \prim_init.ram                   |blk_mem_gen_prim_wrapper_init__parameterized40 |     1|
|79    |          \ramloop[42].ram.r                 |blk_mem_gen_prim_width__parameterized41        |     1|
|80    |            \prim_init.ram                   |blk_mem_gen_prim_wrapper_init__parameterized41 |     1|
|81    |          \ramloop[43].ram.r                 |blk_mem_gen_prim_width__parameterized42        |     1|
|82    |            \prim_init.ram                   |blk_mem_gen_prim_wrapper_init__parameterized42 |     1|
|83    |          \ramloop[44].ram.r                 |blk_mem_gen_prim_width__parameterized43        |     1|
|84    |            \prim_init.ram                   |blk_mem_gen_prim_wrapper_init__parameterized43 |     1|
|85    |          \ramloop[45].ram.r                 |blk_mem_gen_prim_width__parameterized44        |     1|
|86    |            \prim_init.ram                   |blk_mem_gen_prim_wrapper_init__parameterized44 |     1|
|87    |          \ramloop[46].ram.r                 |blk_mem_gen_prim_width__parameterized45        |     1|
|88    |            \prim_init.ram                   |blk_mem_gen_prim_wrapper_init__parameterized45 |     1|
|89    |          \ramloop[47].ram.r                 |blk_mem_gen_prim_width__parameterized46        |     1|
|90    |            \prim_init.ram                   |blk_mem_gen_prim_wrapper_init__parameterized46 |     1|
|91    |          \ramloop[48].ram.r                 |blk_mem_gen_prim_width__parameterized47        |     1|
|92    |            \prim_init.ram                   |blk_mem_gen_prim_wrapper_init__parameterized47 |     1|
|93    |          \ramloop[49].ram.r                 |blk_mem_gen_prim_width__parameterized48        |     1|
|94    |            \prim_init.ram                   |blk_mem_gen_prim_wrapper_init__parameterized48 |     1|
|95    |          \ramloop[4].ram.r                  |blk_mem_gen_prim_width__parameterized3         |     3|
|96    |            \prim_init.ram                   |blk_mem_gen_prim_wrapper_init__parameterized3  |     3|
|97    |          \ramloop[50].ram.r                 |blk_mem_gen_prim_width__parameterized49        |     1|
|98    |            \prim_init.ram                   |blk_mem_gen_prim_wrapper_init__parameterized49 |     1|
|99    |          \ramloop[51].ram.r                 |blk_mem_gen_prim_width__parameterized50        |     1|
|100   |            \prim_init.ram                   |blk_mem_gen_prim_wrapper_init__parameterized50 |     1|
|101   |          \ramloop[52].ram.r                 |blk_mem_gen_prim_width__parameterized51        |     1|
|102   |            \prim_init.ram                   |blk_mem_gen_prim_wrapper_init__parameterized51 |     1|
|103   |          \ramloop[53].ram.r                 |blk_mem_gen_prim_width__parameterized52        |     1|
|104   |            \prim_init.ram                   |blk_mem_gen_prim_wrapper_init__parameterized52 |     1|
|105   |          \ramloop[54].ram.r                 |blk_mem_gen_prim_width__parameterized53        |     1|
|106   |            \prim_init.ram                   |blk_mem_gen_prim_wrapper_init__parameterized53 |     1|
|107   |          \ramloop[55].ram.r                 |blk_mem_gen_prim_width__parameterized54        |     1|
|108   |            \prim_init.ram                   |blk_mem_gen_prim_wrapper_init__parameterized54 |     1|
|109   |          \ramloop[56].ram.r                 |blk_mem_gen_prim_width__parameterized55        |     1|
|110   |            \prim_init.ram                   |blk_mem_gen_prim_wrapper_init__parameterized55 |     1|
|111   |          \ramloop[57].ram.r                 |blk_mem_gen_prim_width__parameterized56        |     1|
|112   |            \prim_init.ram                   |blk_mem_gen_prim_wrapper_init__parameterized56 |     1|
|113   |          \ramloop[58].ram.r                 |blk_mem_gen_prim_width__parameterized57        |     1|
|114   |            \prim_init.ram                   |blk_mem_gen_prim_wrapper_init__parameterized57 |     1|
|115   |          \ramloop[59].ram.r                 |blk_mem_gen_prim_width__parameterized58        |     1|
|116   |            \prim_init.ram                   |blk_mem_gen_prim_wrapper_init__parameterized58 |     1|
|117   |          \ramloop[5].ram.r                  |blk_mem_gen_prim_width__parameterized4         |     3|
|118   |            \prim_init.ram                   |blk_mem_gen_prim_wrapper_init__parameterized4  |     3|
|119   |          \ramloop[60].ram.r                 |blk_mem_gen_prim_width__parameterized59        |     1|
|120   |            \prim_init.ram                   |blk_mem_gen_prim_wrapper_init__parameterized59 |     1|
|121   |          \ramloop[61].ram.r                 |blk_mem_gen_prim_width__parameterized60        |     1|
|122   |            \prim_init.ram                   |blk_mem_gen_prim_wrapper_init__parameterized60 |     1|
|123   |          \ramloop[62].ram.r                 |blk_mem_gen_prim_width__parameterized61        |     1|
|124   |            \prim_init.ram                   |blk_mem_gen_prim_wrapper_init__parameterized61 |     1|
|125   |          \ramloop[63].ram.r                 |blk_mem_gen_prim_width__parameterized62        |     1|
|126   |            \prim_init.ram                   |blk_mem_gen_prim_wrapper_init__parameterized62 |     1|
|127   |          \ramloop[64].ram.r                 |blk_mem_gen_prim_width__parameterized63        |     1|
|128   |            \prim_init.ram                   |blk_mem_gen_prim_wrapper_init__parameterized63 |     1|
|129   |          \ramloop[65].ram.r                 |blk_mem_gen_prim_width__parameterized64        |     1|
|130   |            \prim_init.ram                   |blk_mem_gen_prim_wrapper_init__parameterized64 |     1|
|131   |          \ramloop[66].ram.r                 |blk_mem_gen_prim_width__parameterized65        |     1|
|132   |            \prim_init.ram                   |blk_mem_gen_prim_wrapper_init__parameterized65 |     1|
|133   |          \ramloop[67].ram.r                 |blk_mem_gen_prim_width__parameterized66        |     1|
|134   |            \prim_init.ram                   |blk_mem_gen_prim_wrapper_init__parameterized66 |     1|
|135   |          \ramloop[68].ram.r                 |blk_mem_gen_prim_width__parameterized67        |     1|
|136   |            \prim_init.ram                   |blk_mem_gen_prim_wrapper_init__parameterized67 |     1|
|137   |          \ramloop[69].ram.r                 |blk_mem_gen_prim_width__parameterized68        |     1|
|138   |            \prim_init.ram                   |blk_mem_gen_prim_wrapper_init__parameterized68 |     1|
|139   |          \ramloop[6].ram.r                  |blk_mem_gen_prim_width__parameterized5         |     3|
|140   |            \prim_init.ram                   |blk_mem_gen_prim_wrapper_init__parameterized5  |     3|
|141   |          \ramloop[70].ram.r                 |blk_mem_gen_prim_width__parameterized69        |     1|
|142   |            \prim_init.ram                   |blk_mem_gen_prim_wrapper_init__parameterized69 |     1|
|143   |          \ramloop[71].ram.r                 |blk_mem_gen_prim_width__parameterized70        |     1|
|144   |            \prim_init.ram                   |blk_mem_gen_prim_wrapper_init__parameterized70 |     1|
|145   |          \ramloop[72].ram.r                 |blk_mem_gen_prim_width__parameterized71        |     1|
|146   |            \prim_init.ram                   |blk_mem_gen_prim_wrapper_init__parameterized71 |     1|
|147   |          \ramloop[73].ram.r                 |blk_mem_gen_prim_width__parameterized72        |     1|
|148   |            \prim_init.ram                   |blk_mem_gen_prim_wrapper_init__parameterized72 |     1|
|149   |          \ramloop[74].ram.r                 |blk_mem_gen_prim_width__parameterized73        |     1|
|150   |            \prim_init.ram                   |blk_mem_gen_prim_wrapper_init__parameterized73 |     1|
|151   |          \ramloop[75].ram.r                 |blk_mem_gen_prim_width__parameterized74        |     1|
|152   |            \prim_init.ram                   |blk_mem_gen_prim_wrapper_init__parameterized74 |     1|
|153   |          \ramloop[76].ram.r                 |blk_mem_gen_prim_width__parameterized75        |     1|
|154   |            \prim_init.ram                   |blk_mem_gen_prim_wrapper_init__parameterized75 |     1|
|155   |          \ramloop[77].ram.r                 |blk_mem_gen_prim_width__parameterized76        |     1|
|156   |            \prim_init.ram                   |blk_mem_gen_prim_wrapper_init__parameterized76 |     1|
|157   |          \ramloop[78].ram.r                 |blk_mem_gen_prim_width__parameterized77        |     1|
|158   |            \prim_init.ram                   |blk_mem_gen_prim_wrapper_init__parameterized77 |     1|
|159   |          \ramloop[79].ram.r                 |blk_mem_gen_prim_width__parameterized78        |     2|
|160   |            \prim_init.ram                   |blk_mem_gen_prim_wrapper_init__parameterized78 |     2|
|161   |          \ramloop[7].ram.r                  |blk_mem_gen_prim_width__parameterized6         |     4|
|162   |            \prim_init.ram                   |blk_mem_gen_prim_wrapper_init__parameterized6  |     4|
|163   |          \ramloop[80].ram.r                 |blk_mem_gen_prim_width__parameterized79        |     2|
|164   |            \prim_init.ram                   |blk_mem_gen_prim_wrapper_init__parameterized79 |     2|
|165   |          \ramloop[81].ram.r                 |blk_mem_gen_prim_width__parameterized80        |     1|
|166   |            \prim_init.ram                   |blk_mem_gen_prim_wrapper_init__parameterized80 |     1|
|167   |          \ramloop[82].ram.r                 |blk_mem_gen_prim_width__parameterized81        |     2|
|168   |            \prim_init.ram                   |blk_mem_gen_prim_wrapper_init__parameterized81 |     2|
|169   |          \ramloop[83].ram.r                 |blk_mem_gen_prim_width__parameterized82        |     2|
|170   |            \prim_init.ram                   |blk_mem_gen_prim_wrapper_init__parameterized82 |     2|
|171   |          \ramloop[84].ram.r                 |blk_mem_gen_prim_width__parameterized83        |     1|
|172   |            \prim_init.ram                   |blk_mem_gen_prim_wrapper_init__parameterized83 |     1|
|173   |          \ramloop[85].ram.r                 |blk_mem_gen_prim_width__parameterized84        |     2|
|174   |            \prim_init.ram                   |blk_mem_gen_prim_wrapper_init__parameterized84 |     2|
|175   |          \ramloop[86].ram.r                 |blk_mem_gen_prim_width__parameterized85        |     2|
|176   |            \prim_init.ram                   |blk_mem_gen_prim_wrapper_init__parameterized85 |     2|
|177   |          \ramloop[87].ram.r                 |blk_mem_gen_prim_width__parameterized86        |     1|
|178   |            \prim_init.ram                   |blk_mem_gen_prim_wrapper_init__parameterized86 |     1|
|179   |          \ramloop[88].ram.r                 |blk_mem_gen_prim_width__parameterized87        |     2|
|180   |            \prim_init.ram                   |blk_mem_gen_prim_wrapper_init__parameterized87 |     2|
|181   |          \ramloop[89].ram.r                 |blk_mem_gen_prim_width__parameterized88        |     2|
|182   |            \prim_init.ram                   |blk_mem_gen_prim_wrapper_init__parameterized88 |     2|
|183   |          \ramloop[8].ram.r                  |blk_mem_gen_prim_width__parameterized7         |     3|
|184   |            \prim_init.ram                   |blk_mem_gen_prim_wrapper_init__parameterized7  |     3|
|185   |          \ramloop[90].ram.r                 |blk_mem_gen_prim_width__parameterized89        |     1|
|186   |            \prim_init.ram                   |blk_mem_gen_prim_wrapper_init__parameterized89 |     1|
|187   |          \ramloop[91].ram.r                 |blk_mem_gen_prim_width__parameterized90        |     3|
|188   |            \prim_init.ram                   |blk_mem_gen_prim_wrapper_init__parameterized90 |     3|
|189   |          \ramloop[92].ram.r                 |blk_mem_gen_prim_width__parameterized91        |     3|
|190   |            \prim_init.ram                   |blk_mem_gen_prim_wrapper_init__parameterized91 |     3|
|191   |          \ramloop[93].ram.r                 |blk_mem_gen_prim_width__parameterized92        |     1|
|192   |            \prim_init.ram                   |blk_mem_gen_prim_wrapper_init__parameterized92 |     1|
|193   |          \ramloop[94].ram.r                 |blk_mem_gen_prim_width__parameterized93        |     3|
|194   |            \prim_init.ram                   |blk_mem_gen_prim_wrapper_init__parameterized93 |     3|
|195   |          \ramloop[95].ram.r                 |blk_mem_gen_prim_width__parameterized94        |     3|
|196   |            \prim_init.ram                   |blk_mem_gen_prim_wrapper_init__parameterized94 |     3|
|197   |          \ramloop[96].ram.r                 |blk_mem_gen_prim_width__parameterized95        |     2|
|198   |            \prim_init.ram                   |blk_mem_gen_prim_wrapper_init__parameterized95 |     2|
|199   |          \ramloop[9].ram.r                  |blk_mem_gen_prim_width__parameterized8         |     3|
|200   |            \prim_init.ram                   |blk_mem_gen_prim_wrapper_init__parameterized8  |     3|
+------+---------------------------------------------+-----------------------------------------------+------+
---------------------------------------------------------------------------------
Finished Writing Synthesis Report : Time (s): cpu = 00:09:14 ; elapsed = 00:09:29 . Memory (MB): peak = 2181.141 ; gain = 1504.402
---------------------------------------------------------------------------------
Synthesis finished with 0 errors, 0 critical warnings and 24818 warnings.
Synthesis Optimization Runtime : Time (s): cpu = 00:00:57 ; elapsed = 00:09:22 . Memory (MB): peak = 2181.141 ; gain = 1504.402
Synthesis Optimization Complete : Time (s): cpu = 00:09:14 ; elapsed = 00:09:29 . Memory (MB): peak = 2181.141 ; gain = 1504.402
INFO: [Project 1-571] Translating synthesized netlist
INFO: [Netlist 29-17] Analyzing 217 Unisim elements for replacement
INFO: [Netlist 29-28] Unisim Transformation completed in 0 CPU seconds
INFO: [Project 1-570] Preparing netlist for logic optimization
INFO: [Opt 31-138] Pushed 0 inverter(s) to 0 load pin(s).
Netlist sorting complete. Time (s): cpu = 00:00:00 ; elapsed = 00:00:00.002 . Memory (MB): peak = 2181.141 ; gain = 0.000
INFO: [Project 1-111] Unisim Transformation Summary:
No Unisim elements were transformed.

INFO: [Common 17-83] Releasing license: Synthesis
21 Infos, 100 Warnings, 0 Critical Warnings and 0 Errors encountered.
synth_design completed successfully
synth_design: Time (s): cpu = 00:09:26 ; elapsed = 00:09:42 . Memory (MB): peak = 2181.141 ; gain = 1795.242
Netlist sorting complete. Time (s): cpu = 00:00:00 ; elapsed = 00:00:00.002 . Memory (MB): peak = 2181.141 ; gain = 0.000
WARNING: [Constraints 18-5210] No constraints selected for write.
Resolution: This message can indicate that there are no constraints for the design, or it can indicate that the used_in flags are set such that the constraints are ignored. This later case is used when running synth_design to not write synthesis constraints to the resulting checkpoint. Instead, project constraints are read when the synthesized design is opened.
INFO: [Common 17-1381] The checkpoint 'C:/Users/adamp/Desktop/Fall 2019/6.111/6111/tabletop_hologram.runs/frame_buffer_synth_1/frame_buffer.dcp' has been generated.
WARNING: [Common 17-576] 'use_project_ipc' is deprecated. This option is deprecated and no longer used.
INFO: [Coretcl 2-1648] Added synthesis output to IP cache for IP frame_buffer, cache-ID = 1d401ce0c628b6c3
INFO: [Coretcl 2-1174] Renamed 199 cell refs.
Netlist sorting complete. Time (s): cpu = 00:00:00 ; elapsed = 00:00:00.003 . Memory (MB): peak = 2181.141 ; gain = 0.000
WARNING: [Constraints 18-5210] No constraints selected for write.
Resolution: This message can indicate that there are no constraints for the design, or it can indicate that the used_in flags are set such that the constraints are ignored. This later case is used when running synth_design to not write synthesis constraints to the resulting checkpoint. Instead, project constraints are read when the synthesized design is opened.
INFO: [Common 17-1381] The checkpoint 'C:/Users/adamp/Desktop/Fall 2019/6.111/6111/tabletop_hologram.runs/frame_buffer_synth_1/frame_buffer.dcp' has been generated.
INFO: [runtcl-4] Executing : report_utilization -file frame_buffer_utilization_synth.rpt -pb frame_buffer_utilization_synth.pb
INFO: [Common 17-206] Exiting Vivado at Sat Dec  7 15:53:20 2019...
