
*** Running vivado
    with args -log top_level.vdi -applog -m64 -product Vivado -messageDb vivado.pb -mode batch -source top_level.tcl -notrace


****** Vivado v2019.1 (64-bit)
  **** SW Build 2552052 on Fri May 24 14:49:42 MDT 2019
  **** IP Build 2548770 on Fri May 24 18:01:18 MDT 2019
    ** Copyright 1986-2019 Xilinx, Inc. All Rights Reserved.

source top_level.tcl -notrace
INFO: [IP_Flow 19-234] Refreshing IP repositories
INFO: [IP_Flow 19-1700] Loaded user IP repository 'c:/Users/Jeremy/tabletop_hologram/vivado-library'.
INFO: [IP_Flow 19-1700] Loaded user IP repository 'c:/Users/Jeremy/tabletop_hologram/tabletop_hologram.srcs/sources_1/ip'.
INFO: [IP_Flow 19-2313] Loaded Vivado IP repository 'C:/Xilinx/Vivado/2019.1/data/ip'.
Command: link_design -top top_level -part xc7a200tsbg484-3
Design is defaulting to srcset: sources_1
Design is defaulting to constrset: constrs_1
INFO: [Device 21-403] Loading part xc7a200tsbg484-3
INFO: [Project 1-454] Reading design checkpoint 'c:/Users/Jeremy/tabletop_hologram/tabletop_hologram.srcs/sources_1/ip/hdmi_render/hdmi_render.dcp' for cell 'hdmi'
INFO: [Project 1-454] Reading design checkpoint 'c:/Users/Jeremy/tabletop_hologram/tabletop_hologram.srcs/sources_1/ip/fifo/fifo.dcp' for cell 'my_cv/my_fifo'
INFO: [Project 1-454] Reading design checkpoint 'c:/Users/Jeremy/tabletop_hologram/tabletop_hologram.srcs/sources_1/ip/centroid_div/centroid_div.dcp' for cell 'my_cv/centroid_green/xcenter'
INFO: [Project 1-454] Reading design checkpoint 'c:/Users/Jeremy/tabletop_hologram/tabletop_hologram.srcs/sources_1/ip/div_16/div_16.dcp' for cell 'my_cv/rgb2hsv_green/hue_div1'
INFO: [Project 1-454] Reading design checkpoint 'c:/Users/Jeremy/tabletop_hologram/tabletop_hologram.srcs/sources_1/ip/frame_buffer_1/frame_buffer.dcp' for cell 'my_graphics/my_manager/buffer0'
INFO: [Project 1-454] Reading design checkpoint 'c:/Users/Jeremy/tabletop_hologram/tabletop_hologram.srcs/sources_1/ip/projection_divider/projection_divider.dcp' for cell 'my_graphics/my_projection/vertex1/divider_x'
INFO: [Project 1-454] Reading design checkpoint 'c:/Users/Jeremy/tabletop_hologram/tabletop_hologram.srcs/sources_1/ip/z_interp_divider/z_interp_divider.dcp' for cell 'my_graphics/my_rasterize/my_div'
INFO: [Project 1-454] Reading design checkpoint 'c:/Users/Jeremy/tabletop_hologram/tabletop_hologram.srcs/sources_1/ip/div_rom/div_rom.dcp' for cell 'my_graphics/my_shader/my_div_rom'
INFO: [Project 1-454] Reading design checkpoint 'c:/Users/Jeremy/tabletop_hologram/tabletop_hologram.srcs/sources_1/ip/sqrt_rom/sqrt_rom.dcp' for cell 'my_graphics/my_shader/my_sqrt_rom_bottom'
INFO: [Project 1-454] Reading design checkpoint 'c:/Users/Jeremy/tabletop_hologram/tabletop_hologram.srcs/sources_1/ip/model_rotation/model_rotation.dcp' for cell 'my_graphics/my_trans/normal1/rotation'
INFO: [Project 1-454] Reading design checkpoint 'c:/Users/Jeremy/tabletop_hologram/tabletop_hologram.srcs/sources_1/ip/demo_rom3/demo_rom3.dcp' for cell 'my_graphics/my_tri_source/cube'
INFO: [Project 1-454] Reading design checkpoint 'c:/Users/Jeremy/tabletop_hologram/tabletop_hologram.srcs/sources_1/ip/demo_rom1/demo_rom1.dcp' for cell 'my_graphics/my_tri_source/mobius'
INFO: [Project 1-454] Reading design checkpoint 'c:/Users/Jeremy/tabletop_hologram/tabletop_hologram.srcs/sources_1/ip/demo_rom2/demo_rom2.dcp' for cell 'my_graphics/my_tri_source/suit'
INFO: [Project 1-454] Reading design checkpoint 'c:/Users/Jeremy/tabletop_hologram/tabletop_hologram.srcs/sources_1/ip/banana_rom1/banana_rom1.dcp' for cell 'my_graphics/my_tri_source/thanos1'
INFO: [Project 1-454] Reading design checkpoint 'c:/Users/Jeremy/tabletop_hologram/tabletop_hologram.srcs/sources_1/ip/banana_rom2/banana_rom2.dcp' for cell 'my_graphics/my_tri_source/thanos2'
INFO: [Netlist 29-17] Analyzing 3194 Unisim elements for replacement
INFO: [Netlist 29-28] Unisim Transformation completed in 1 CPU seconds
INFO: [Project 1-479] Netlist was created with Vivado 2019.1
INFO: [Project 1-570] Preparing netlist for logic optimization
Parsing XDC File [c:/Users/Jeremy/tabletop_hologram/tabletop_hologram.srcs/sources_1/ip/hdmi_render/src/rgb2dvi.xdc] for cell 'hdmi/U0'
Finished Parsing XDC File [c:/Users/Jeremy/tabletop_hologram/tabletop_hologram.srcs/sources_1/ip/hdmi_render/src/rgb2dvi.xdc] for cell 'hdmi/U0'
Parsing XDC File [c:/Users/Jeremy/tabletop_hologram/tabletop_hologram.srcs/sources_1/ip/fifo/fifo.xdc] for cell 'my_cv/my_fifo/U0'
Finished Parsing XDC File [c:/Users/Jeremy/tabletop_hologram/tabletop_hologram.srcs/sources_1/ip/fifo/fifo.xdc] for cell 'my_cv/my_fifo/U0'
Parsing XDC File [C:/Users/Jeremy/tabletop_hologram/tabletop_hologram.srcs/constrs_1/imports/Downloads/Nexys-Video-Master.xdc]
Finished Parsing XDC File [C:/Users/Jeremy/tabletop_hologram/tabletop_hologram.srcs/constrs_1/imports/Downloads/Nexys-Video-Master.xdc]
Parsing XDC File [c:/Users/Jeremy/tabletop_hologram/tabletop_hologram.srcs/sources_1/ip/hdmi_render/src/rgb2dvi_clocks.xdc] for cell 'hdmi/U0'
Finished Parsing XDC File [c:/Users/Jeremy/tabletop_hologram/tabletop_hologram.srcs/sources_1/ip/hdmi_render/src/rgb2dvi_clocks.xdc] for cell 'hdmi/U0'
Parsing XDC File [c:/Users/Jeremy/tabletop_hologram/tabletop_hologram.srcs/sources_1/ip/fifo/fifo_clocks.xdc] for cell 'my_cv/my_fifo/U0'
Finished Parsing XDC File [c:/Users/Jeremy/tabletop_hologram/tabletop_hologram.srcs/sources_1/ip/fifo/fifo_clocks.xdc] for cell 'my_cv/my_fifo/U0'
INFO: [Opt 31-138] Pushed 0 inverter(s) to 0 load pin(s).
Netlist sorting complete. Time (s): cpu = 00:00:00 ; elapsed = 00:00:00.074 . Memory (MB): peak = 929.906 ; gain = 0.000
INFO: [Project 1-111] Unisim Transformation Summary:
No Unisim elements were transformed.

26 Infos, 0 Warnings, 0 Critical Warnings and 0 Errors encountered.
link_design completed successfully
link_design: Time (s): cpu = 00:00:27 ; elapsed = 00:00:29 . Memory (MB): peak = 929.906 ; gain = 631.555
Command: opt_design
Attempting to get a license for feature 'Implementation' and/or device 'xc7a200t'
INFO: [Common 17-349] Got license for feature 'Implementation' and/or device 'xc7a200t'
Running DRC as a precondition to command opt_design

Starting DRC Task
INFO: [DRC 23-27] Running DRC with 2 threads
INFO: [Project 1-461] DRC finished with 0 Errors
INFO: [Project 1-462] Please refer to the DRC report (report_drc) for more information.

Time (s): cpu = 00:00:03 ; elapsed = 00:00:01 . Memory (MB): peak = 947.879 ; gain = 17.973

Starting Cache Timing Information Task
INFO: [Timing 38-35] Done setting XDC timing constraints.
Ending Cache Timing Information Task | Checksum: be568ed1

Time (s): cpu = 00:00:18 ; elapsed = 00:00:16 . Memory (MB): peak = 1575.910 ; gain = 628.031

Starting Logic Optimization Task

Phase 1 Retarget
INFO: [Opt 31-138] Pushed 13 inverter(s) to 95 load pin(s).
INFO: [Opt 31-49] Retargeted 0 cell(s).
Phase 1 Retarget | Checksum: 1648c5f9d

Time (s): cpu = 00:00:05 ; elapsed = 00:00:04 . Memory (MB): peak = 1734.105 ; gain = 0.180
INFO: [Opt 31-389] Phase Retarget created 35 cells and removed 203 cells

Phase 2 Constant propagation
INFO: [Opt 31-138] Pushed 0 inverter(s) to 0 load pin(s).
Phase 2 Constant propagation | Checksum: 191269de0

Time (s): cpu = 00:00:07 ; elapsed = 00:00:06 . Memory (MB): peak = 1734.105 ; gain = 0.180
INFO: [Opt 31-389] Phase Constant propagation created 525 cells and removed 1742 cells

Phase 3 Sweep
Phase 3 Sweep | Checksum: 1894b5199

Time (s): cpu = 00:00:14 ; elapsed = 00:00:13 . Memory (MB): peak = 1734.105 ; gain = 0.180
INFO: [Opt 31-389] Phase Sweep created 0 cells and removed 5190 cells
INFO: [Opt 31-1021] In phase Sweep, 1 netlist objects are constrained preventing optimization. Please run opt_design with -debug_log to get more detail. 

Phase 4 BUFG optimization
Phase 4 BUFG optimization | Checksum: 1894b5199

Time (s): cpu = 00:00:16 ; elapsed = 00:00:15 . Memory (MB): peak = 1734.105 ; gain = 0.180
INFO: [Opt 31-662] Phase BUFG optimization created 0 cells of which 0 are BUFGs and removed 0 cells.

Phase 5 Shift Register Optimization
INFO: [Opt 31-1064] SRL Remap converted 0 SRLs to 0 registers and converted 0 registers of register chains to 0 SRLs
Phase 5 Shift Register Optimization | Checksum: c2bf0b96

Time (s): cpu = 00:00:17 ; elapsed = 00:00:16 . Memory (MB): peak = 1734.105 ; gain = 0.180
INFO: [Opt 31-389] Phase Shift Register Optimization created 16 cells and removed 36 cells

Phase 6 Post Processing Netlist
Phase 6 Post Processing Netlist | Checksum: 12844f292

Time (s): cpu = 00:00:18 ; elapsed = 00:00:16 . Memory (MB): peak = 1734.105 ; gain = 0.180
INFO: [Opt 31-389] Phase Post Processing Netlist created 0 cells and removed 0 cells
Opt_design Change Summary
=========================


-------------------------------------------------------------------------------------------------------------------------
|  Phase                        |  #Cells created  |  #Cells Removed  |  #Constrained objects preventing optimizations  |
-------------------------------------------------------------------------------------------------------------------------
|  Retarget                     |              35  |             203  |                                              0  |
|  Constant propagation         |             525  |            1742  |                                              0  |
|  Sweep                        |               0  |            5190  |                                              1  |
|  BUFG optimization            |               0  |               0  |                                              0  |
|  Shift Register Optimization  |              16  |              36  |                                              0  |
|  Post Processing Netlist      |               0  |               0  |                                              0  |
-------------------------------------------------------------------------------------------------------------------------



Starting Connectivity Check Task

Time (s): cpu = 00:00:00 ; elapsed = 00:00:00.159 . Memory (MB): peak = 1734.105 ; gain = 0.000
Ending Logic Optimization Task | Checksum: f8a40ee2

Time (s): cpu = 00:00:20 ; elapsed = 00:00:19 . Memory (MB): peak = 1734.105 ; gain = 0.180

Starting Power Optimization Task
INFO: [Pwropt 34-132] Skipping clock gating for clocks with a period < 2.00 ns.
INFO: [Timing 38-35] Done setting XDC timing constraints.
INFO: [Physopt 32-619] Estimated Timing Summary | WNS=0.141 | TNS=0.000 |
Running Vector-less Activity Propagation...

Finished Running Vector-less Activity Propagation
INFO: [Pwropt 34-9] Applying IDT optimizations ...
INFO: [Pwropt 34-10] Applying ODC optimizations ...


Starting PowerOpt Patch Enables Task
INFO: [Pwropt 34-162] WRITE_MODE attribute of 0 BRAM(s) out of a total of 355 has been updated to save power. Run report_power_opt to get a complete listing of the BRAMs updated.
INFO: [Pwropt 34-201] Structural ODC has moved 0 WE to EN ports
Number of BRAM Ports augmented: 290 newly gated: 346 Total Ports: 710
Number of Flops added for Enable Generation: 4

Ending PowerOpt Patch Enables Task | Checksum: d23b1167

Time (s): cpu = 00:00:04 ; elapsed = 00:00:04 . Memory (MB): peak = 3009.422 ; gain = 0.000
Ending Power Optimization Task | Checksum: d23b1167

Time (s): cpu = 00:02:13 ; elapsed = 00:01:46 . Memory (MB): peak = 3009.422 ; gain = 1275.316

Starting Final Cleanup Task

Starting Logic Optimization Task
INFO: [Timing 38-35] Done setting XDC timing constraints.
Ending Logic Optimization Task | Checksum: a1b40d65

Time (s): cpu = 00:00:10 ; elapsed = 00:00:08 . Memory (MB): peak = 3009.422 ; gain = 0.000
Ending Final Cleanup Task | Checksum: a1b40d65

Time (s): cpu = 00:00:14 ; elapsed = 00:00:11 . Memory (MB): peak = 3009.422 ; gain = 0.000

Starting Netlist Obfuscation Task
Netlist sorting complete. Time (s): cpu = 00:00:01 ; elapsed = 00:00:00.060 . Memory (MB): peak = 3009.422 ; gain = 0.000
Ending Netlist Obfuscation Task | Checksum: a1b40d65

Time (s): cpu = 00:00:01 ; elapsed = 00:00:00.060 . Memory (MB): peak = 3009.422 ; gain = 0.000
INFO: [Common 17-83] Releasing license: Implementation
51 Infos, 0 Warnings, 0 Critical Warnings and 0 Errors encountered.
opt_design completed successfully
opt_design: Time (s): cpu = 00:03:12 ; elapsed = 00:02:38 . Memory (MB): peak = 3009.422 ; gain = 2079.516
Netlist sorting complete. Time (s): cpu = 00:00:00 ; elapsed = 00:00:00.059 . Memory (MB): peak = 3009.422 ; gain = 0.000
INFO: [Timing 38-480] Writing timing data to binary archive.
Writing placer database...
Writing XDEF routing.
Writing XDEF routing logical nets.
Writing XDEF routing special nets.
Write XDEF Complete: Time (s): cpu = 00:00:00 ; elapsed = 00:00:00.121 . Memory (MB): peak = 3009.422 ; gain = 0.000
INFO: [Common 17-1381] The checkpoint 'C:/Users/Jeremy/tabletop_hologram/tabletop_hologram.runs/impl_1/top_level_opt.dcp' has been generated.
write_checkpoint: Time (s): cpu = 00:00:21 ; elapsed = 00:00:12 . Memory (MB): peak = 3009.422 ; gain = 0.000
INFO: [runtcl-4] Executing : report_drc -file top_level_drc_opted.rpt -pb top_level_drc_opted.pb -rpx top_level_drc_opted.rpx
Command: report_drc -file top_level_drc_opted.rpt -pb top_level_drc_opted.pb -rpx top_level_drc_opted.rpx
INFO: [IP_Flow 19-1839] IP Catalog is up to date.
INFO: [DRC 23-27] Running DRC with 2 threads
INFO: [Coretcl 2-168] The results of DRC are in file C:/Users/Jeremy/tabletop_hologram/tabletop_hologram.runs/impl_1/top_level_drc_opted.rpt.
report_drc completed successfully
report_drc: Time (s): cpu = 00:00:14 ; elapsed = 00:00:07 . Memory (MB): peak = 3009.422 ; gain = 0.000
Command: place_design
Attempting to get a license for feature 'Implementation' and/or device 'xc7a200t'
INFO: [Common 17-349] Got license for feature 'Implementation' and/or device 'xc7a200t'
INFO: [DRC 23-27] Running DRC with 2 threads
INFO: [Vivado_Tcl 4-198] DRC finished with 0 Errors
INFO: [Vivado_Tcl 4-199] Please refer to the DRC report (report_drc) for more information.
Running DRC as a precondition to command place_design
INFO: [DRC 23-27] Running DRC with 2 threads
INFO: [Vivado_Tcl 4-198] DRC finished with 0 Errors
INFO: [Vivado_Tcl 4-199] Please refer to the DRC report (report_drc) for more information.

Starting Placer Task
INFO: [Place 30-611] Multithreading enabled for place_design using a maximum of 2 CPUs

Phase 1 Placer Initialization

Phase 1.1 Placer Initialization Netlist Sorting
Netlist sorting complete. Time (s): cpu = 00:00:00 ; elapsed = 00:00:00.060 . Memory (MB): peak = 3009.422 ; gain = 0.000
Phase 1.1 Placer Initialization Netlist Sorting | Checksum: 5155673a

Time (s): cpu = 00:00:00 ; elapsed = 00:00:00.071 . Memory (MB): peak = 3009.422 ; gain = 0.000
Netlist sorting complete. Time (s): cpu = 00:00:00 ; elapsed = 00:00:00.064 . Memory (MB): peak = 3009.422 ; gain = 0.000

Phase 1.2 IO Placement/ Clock Placement/ Build Placer Device
INFO: [Timing 38-35] Done setting XDC timing constraints.
Phase 1.2 IO Placement/ Clock Placement/ Build Placer Device | Checksum: af9bcdf3

Time (s): cpu = 00:00:14 ; elapsed = 00:00:09 . Memory (MB): peak = 3009.422 ; gain = 0.000

Phase 1.3 Build Placer Netlist Model
Phase 1.3 Build Placer Netlist Model | Checksum: 1507b324e

Time (s): cpu = 00:00:27 ; elapsed = 00:00:19 . Memory (MB): peak = 3009.422 ; gain = 0.000

Phase 1.4 Constrain Clocks/Macros
Phase 1.4 Constrain Clocks/Macros | Checksum: 1507b324e

Time (s): cpu = 00:00:28 ; elapsed = 00:00:19 . Memory (MB): peak = 3009.422 ; gain = 0.000
Phase 1 Placer Initialization | Checksum: 1507b324e

Time (s): cpu = 00:00:28 ; elapsed = 00:00:19 . Memory (MB): peak = 3009.422 ; gain = 0.000

Phase 2 Global Placement

Phase 2.1 Floorplanning
Phase 2.1 Floorplanning | Checksum: 16f1fd95f

Time (s): cpu = 00:00:32 ; elapsed = 00:00:22 . Memory (MB): peak = 3009.422 ; gain = 0.000

Phase 2.2 Global Placement Core

Phase 2.2.1 Physical Synthesis In Placer
INFO: [Physopt 32-65] No nets found for high-fanout optimization.
INFO: [Physopt 32-232] Optimized 0 net. Created 0 new instance.
INFO: [Physopt 32-775] End 1 Pass. Optimized 0 net or cell. Created 0 new cell, deleted 0 existing cell and moved 0 existing cell
INFO: [Physopt 32-117] Net my_graphics/my_manager/buffer0/U0/inst_blk_mem_gen/gnbram.gnativebmg.native_blk_mem_gen/valid.cstr/ramloop[13].ram.r/prim_init.ram/addra_14_sn_1 could not be optimized because driver my_graphics/my_manager/buffer0/U0/inst_blk_mem_gen/gnbram.gnativebmg.native_blk_mem_gen/valid.cstr/ramloop[13].ram.r/prim_init.ram/DEVICE_7SERIES.NO_BMM_INFO.SDP.SIMPLE_PRIM36.ram_i_1__27 could not be replicated
INFO: [Physopt 32-117] Net my_graphics/my_manager/buffer1/U0/inst_blk_mem_gen/gnbram.gnativebmg.native_blk_mem_gen/valid.cstr/ramloop[23].ram.r/prim_init.ram/addra_14_sn_1 could not be optimized because driver my_graphics/my_manager/buffer1/U0/inst_blk_mem_gen/gnbram.gnativebmg.native_blk_mem_gen/valid.cstr/ramloop[23].ram.r/prim_init.ram/DEVICE_7SERIES.NO_BMM_INFO.SDP.SIMPLE_PRIM36.ram_i_1__1 could not be replicated
INFO: [Physopt 32-117] Net my_graphics/my_manager/buffer1/U0/inst_blk_mem_gen/gnbram.gnativebmg.native_blk_mem_gen/valid.cstr/ramloop[18].ram.r/prim_init.ram/addra_14_sn_1 could not be optimized because driver my_graphics/my_manager/buffer1/U0/inst_blk_mem_gen/gnbram.gnativebmg.native_blk_mem_gen/valid.cstr/ramloop[18].ram.r/prim_init.ram/DEVICE_7SERIES.NO_BMM_INFO.SDP.SIMPLE_PRIM36.ram_i_1__16 could not be replicated
INFO: [Physopt 32-117] Net my_graphics/my_manager/buffer1/U0/inst_blk_mem_gen/gnbram.gnativebmg.native_blk_mem_gen/valid.cstr/ramloop[31].ram.r/prim_init.ram/addra_14_sn_1 could not be optimized because driver my_graphics/my_manager/buffer1/U0/inst_blk_mem_gen/gnbram.gnativebmg.native_blk_mem_gen/valid.cstr/ramloop[31].ram.r/prim_init.ram/DEVICE_7SERIES.NO_BMM_INFO.SDP.SIMPLE_PRIM36.ram_i_1__3 could not be replicated
INFO: [Physopt 32-117] Net my_graphics/my_manager/buffer1/U0/inst_blk_mem_gen/gnbram.gnativebmg.native_blk_mem_gen/valid.cstr/ramloop[20].ram.r/prim_init.ram/addra_14_sn_1 could not be optimized because driver my_graphics/my_manager/buffer1/U0/inst_blk_mem_gen/gnbram.gnativebmg.native_blk_mem_gen/valid.cstr/ramloop[20].ram.r/prim_init.ram/DEVICE_7SERIES.NO_BMM_INFO.SDP.SIMPLE_PRIM36.ram_i_1__17 could not be replicated
INFO: [Physopt 32-117] Net my_graphics/my_manager/buffer0/U0/inst_blk_mem_gen/gnbram.gnativebmg.native_blk_mem_gen/valid.cstr/ramloop[39].ram.r/prim_init.ram/ram_ena could not be optimized because driver my_graphics/my_manager/buffer0/U0/inst_blk_mem_gen/gnbram.gnativebmg.native_blk_mem_gen/valid.cstr/ramloop[39].ram.r/prim_init.ram/DEVICE_7SERIES.NO_BMM_INFO.SDP.SIMPLE_PRIM36.ram_i_1__38 could not be replicated
INFO: [Physopt 32-117] Net my_graphics/my_manager/buffer0/U0/inst_blk_mem_gen/gnbram.gnativebmg.native_blk_mem_gen/valid.cstr/ramloop[15].ram.r/prim_init.ram/addra_14_sn_1 could not be optimized because driver my_graphics/my_manager/buffer0/U0/inst_blk_mem_gen/gnbram.gnativebmg.native_blk_mem_gen/valid.cstr/ramloop[15].ram.r/prim_init.ram/DEVICE_7SERIES.NO_BMM_INFO.SDP.SIMPLE_PRIM36.ram_i_1__7 could not be replicated
INFO: [Physopt 32-117] Net my_graphics/my_manager/buffer1/U0/inst_blk_mem_gen/gnbram.gnativebmg.native_blk_mem_gen/valid.cstr/ramloop[35].ram.r/prim_init.ram/addra_14_sn_1 could not be optimized because driver my_graphics/my_manager/buffer1/U0/inst_blk_mem_gen/gnbram.gnativebmg.native_blk_mem_gen/valid.cstr/ramloop[35].ram.r/prim_init.ram/DEVICE_7SERIES.NO_BMM_INFO.SDP.SIMPLE_PRIM36.ram_i_1 could not be replicated
INFO: [Physopt 32-117] Net my_graphics/my_manager/buffer1/U0/inst_blk_mem_gen/gnbram.gnativebmg.native_blk_mem_gen/valid.cstr/ramloop[17].ram.r/prim_init.ram/addra_14_sn_1 could not be optimized because driver my_graphics/my_manager/buffer1/U0/inst_blk_mem_gen/gnbram.gnativebmg.native_blk_mem_gen/valid.cstr/ramloop[17].ram.r/prim_init.ram/DEVICE_7SERIES.NO_BMM_INFO.SDP.SIMPLE_PRIM36.ram_i_1__15 could not be replicated
INFO: [Physopt 32-117] Net my_graphics/my_manager/buffer1/U0/inst_blk_mem_gen/gnbram.gnativebmg.native_blk_mem_gen/valid.cstr/ramloop[30].ram.r/prim_init.ram/addra_14_sn_1 could not be optimized because driver my_graphics/my_manager/buffer1/U0/inst_blk_mem_gen/gnbram.gnativebmg.native_blk_mem_gen/valid.cstr/ramloop[30].ram.r/prim_init.ram/DEVICE_7SERIES.NO_BMM_INFO.SDP.SIMPLE_PRIM36.ram_i_1__10 could not be replicated
INFO: [Physopt 32-117] Net my_graphics/my_manager/buffer1/U0/inst_blk_mem_gen/gnbram.gnativebmg.native_blk_mem_gen/valid.cstr/ramloop[39].ram.r/prim_init.ram/ram_ena could not be optimized because driver my_graphics/my_manager/buffer1/U0/inst_blk_mem_gen/gnbram.gnativebmg.native_blk_mem_gen/valid.cstr/ramloop[39].ram.r/prim_init.ram/DEVICE_7SERIES.NO_BMM_INFO.SDP.SIMPLE_PRIM36.ram_i_1__38 could not be replicated
INFO: [Physopt 32-117] Net my_graphics/my_manager/buffer0/U0/inst_blk_mem_gen/gnbram.gnativebmg.native_blk_mem_gen/valid.cstr/ramloop[32].ram.r/prim_init.ram/addra_14_sn_1 could not be optimized because driver my_graphics/my_manager/buffer0/U0/inst_blk_mem_gen/gnbram.gnativebmg.native_blk_mem_gen/valid.cstr/ramloop[32].ram.r/prim_init.ram/DEVICE_7SERIES.NO_BMM_INFO.SDP.SIMPLE_PRIM36.ram_i_1__36 could not be replicated
INFO: [Physopt 32-117] Net my_graphics/my_manager/buffer0/U0/inst_blk_mem_gen/gnbram.gnativebmg.native_blk_mem_gen/valid.cstr/ramloop[25].ram.r/prim_init.ram/addra_15_sn_1 could not be optimized because driver my_graphics/my_manager/buffer0/U0/inst_blk_mem_gen/gnbram.gnativebmg.native_blk_mem_gen/valid.cstr/ramloop[25].ram.r/prim_init.ram/DEVICE_7SERIES.NO_BMM_INFO.SDP.SIMPLE_PRIM36.ram_i_1__12 could not be replicated
INFO: [Physopt 32-117] Net my_graphics/my_manager/buffer0/U0/inst_blk_mem_gen/gnbram.gnativebmg.native_blk_mem_gen/valid.cstr/ramloop[23].ram.r/prim_init.ram/addra_14_sn_1 could not be optimized because driver my_graphics/my_manager/buffer0/U0/inst_blk_mem_gen/gnbram.gnativebmg.native_blk_mem_gen/valid.cstr/ramloop[23].ram.r/prim_init.ram/DEVICE_7SERIES.NO_BMM_INFO.SDP.SIMPLE_PRIM36.ram_i_1__1 could not be replicated
INFO: [Physopt 32-117] Net my_graphics/my_manager/buffer1/U0/inst_blk_mem_gen/gnbram.gnativebmg.native_blk_mem_gen/valid.cstr/ramloop[3].ram.r/prim_init.ram/addra_14_sn_1 could not be optimized because driver my_graphics/my_manager/buffer1/U0/inst_blk_mem_gen/gnbram.gnativebmg.native_blk_mem_gen/valid.cstr/ramloop[3].ram.r/prim_init.ram/DEVICE_7SERIES.NO_BMM_INFO.SDP.SIMPLE_PRIM36.ram_i_1__4 could not be replicated
INFO: [Physopt 32-117] Net my_graphics/my_manager/buffer0/U0/inst_blk_mem_gen/gnbram.gnativebmg.native_blk_mem_gen/valid.cstr/ramloop[11].ram.r/prim_init.ram/addra_15_sn_1 could not be optimized because driver my_graphics/my_manager/buffer0/U0/inst_blk_mem_gen/gnbram.gnativebmg.native_blk_mem_gen/valid.cstr/ramloop[11].ram.r/prim_init.ram/DEVICE_7SERIES.NO_BMM_INFO.SDP.SIMPLE_PRIM36.ram_i_1__6 could not be replicated
INFO: [Physopt 32-117] Net my_graphics/my_manager/buffer0/U0/inst_blk_mem_gen/gnbram.gnativebmg.native_blk_mem_gen/valid.cstr/ramloop[10].ram.r/prim_init.ram/addra_15_sn_1 could not be optimized because driver my_graphics/my_manager/buffer0/U0/inst_blk_mem_gen/gnbram.gnativebmg.native_blk_mem_gen/valid.cstr/ramloop[10].ram.r/prim_init.ram/DEVICE_7SERIES.NO_BMM_INFO.SDP.SIMPLE_PRIM36.ram_i_1__31 could not be replicated
INFO: [Physopt 32-117] Net my_graphics/my_manager/buffer0/U0/inst_blk_mem_gen/gnbram.gnativebmg.native_blk_mem_gen/valid.cstr/ramloop[9].ram.r/prim_init.ram/addra_15_sn_1 could not be optimized because driver my_graphics/my_manager/buffer0/U0/inst_blk_mem_gen/gnbram.gnativebmg.native_blk_mem_gen/valid.cstr/ramloop[9].ram.r/prim_init.ram/DEVICE_7SERIES.NO_BMM_INFO.SDP.SIMPLE_PRIM36.ram_i_1__30 could not be replicated
INFO: [Physopt 32-117] Net my_graphics/my_manager/buffer0/U0/inst_blk_mem_gen/gnbram.gnativebmg.native_blk_mem_gen/valid.cstr/ramloop[21].ram.r/prim_init.ram/addra_14_sn_1 could not be optimized because driver my_graphics/my_manager/buffer0/U0/inst_blk_mem_gen/gnbram.gnativebmg.native_blk_mem_gen/valid.cstr/ramloop[21].ram.r/prim_init.ram/DEVICE_7SERIES.NO_BMM_INFO.SDP.SIMPLE_PRIM36.ram_i_1__18 could not be replicated
INFO: [Physopt 32-117] Net my_graphics/my_manager/buffer1/U0/inst_blk_mem_gen/gnbram.gnativebmg.native_blk_mem_gen/valid.cstr/ramloop[16].ram.r/prim_init.ram/addra_14_sn_1 could not be optimized because driver my_graphics/my_manager/buffer1/U0/inst_blk_mem_gen/gnbram.gnativebmg.native_blk_mem_gen/valid.cstr/ramloop[16].ram.r/prim_init.ram/DEVICE_7SERIES.NO_BMM_INFO.SDP.SIMPLE_PRIM36.ram_i_1__14 could not be replicated
INFO: [Physopt 32-117] Net my_graphics/my_manager/buffer1/U0/inst_blk_mem_gen/gnbram.gnativebmg.native_blk_mem_gen/valid.cstr/ramloop[4].ram.r/prim_init.ram/addra_14_sn_1 could not be optimized because driver my_graphics/my_manager/buffer1/U0/inst_blk_mem_gen/gnbram.gnativebmg.native_blk_mem_gen/valid.cstr/ramloop[4].ram.r/prim_init.ram/DEVICE_7SERIES.NO_BMM_INFO.SDP.SIMPLE_PRIM36.ram_i_1__23 could not be replicated
INFO: [Physopt 32-117] Net my_graphics/my_manager/buffer0/U0/inst_blk_mem_gen/gnbram.gnativebmg.native_blk_mem_gen/valid.cstr/ramloop[8].ram.r/prim_init.ram/addra_15_sn_1 could not be optimized because driver my_graphics/my_manager/buffer0/U0/inst_blk_mem_gen/gnbram.gnativebmg.native_blk_mem_gen/valid.cstr/ramloop[8].ram.r/prim_init.ram/DEVICE_7SERIES.NO_BMM_INFO.SDP.SIMPLE_PRIM36.ram_i_1__29 could not be replicated
INFO: [Physopt 32-117] Net my_graphics/my_manager/buffer0/U0/inst_blk_mem_gen/gnbram.gnativebmg.native_blk_mem_gen/valid.cstr/ramloop[17].ram.r/prim_init.ram/addra_14_sn_1 could not be optimized because driver my_graphics/my_manager/buffer0/U0/inst_blk_mem_gen/gnbram.gnativebmg.native_blk_mem_gen/valid.cstr/ramloop[17].ram.r/prim_init.ram/DEVICE_7SERIES.NO_BMM_INFO.SDP.SIMPLE_PRIM36.ram_i_1__15 could not be replicated
INFO: [Physopt 32-117] Net my_graphics/my_manager/buffer0/U0/inst_blk_mem_gen/gnbram.gnativebmg.native_blk_mem_gen/valid.cstr/ramloop[28].ram.r/prim_init.ram/addra_14_sn_1 could not be optimized because driver my_graphics/my_manager/buffer0/U0/inst_blk_mem_gen/gnbram.gnativebmg.native_blk_mem_gen/valid.cstr/ramloop[28].ram.r/prim_init.ram/DEVICE_7SERIES.NO_BMM_INFO.SDP.SIMPLE_PRIM36.ram_i_1__8 could not be replicated
INFO: [Physopt 32-117] Net my_graphics/my_manager/buffer0/U0/inst_blk_mem_gen/gnbram.gnativebmg.native_blk_mem_gen/valid.cstr/ramloop[20].ram.r/prim_init.ram/addra_14_sn_1 could not be optimized because driver my_graphics/my_manager/buffer0/U0/inst_blk_mem_gen/gnbram.gnativebmg.native_blk_mem_gen/valid.cstr/ramloop[20].ram.r/prim_init.ram/DEVICE_7SERIES.NO_BMM_INFO.SDP.SIMPLE_PRIM36.ram_i_1__17 could not be replicated
INFO: [Physopt 32-117] Net my_graphics/my_manager/buffer0/U0/inst_blk_mem_gen/gnbram.gnativebmg.native_blk_mem_gen/valid.cstr/ramloop[22].ram.r/prim_init.ram/addra_14_sn_1 could not be optimized because driver my_graphics/my_manager/buffer0/U0/inst_blk_mem_gen/gnbram.gnativebmg.native_blk_mem_gen/valid.cstr/ramloop[22].ram.r/prim_init.ram/DEVICE_7SERIES.NO_BMM_INFO.SDP.SIMPLE_PRIM36.ram_i_1__19 could not be replicated
INFO: [Physopt 32-117] Net my_graphics/my_manager/buffer1/U0/inst_blk_mem_gen/gnbram.gnativebmg.native_blk_mem_gen/valid.cstr/ramloop[1].ram.r/prim_init.ram/addra_14_sn_1 could not be optimized because driver my_graphics/my_manager/buffer1/U0/inst_blk_mem_gen/gnbram.gnativebmg.native_blk_mem_gen/valid.cstr/ramloop[1].ram.r/prim_init.ram/DEVICE_7SERIES.NO_BMM_INFO.SDP.SIMPLE_PRIM36.ram_i_1__21 could not be replicated
INFO: [Physopt 32-117] Net my_graphics/my_manager/buffer1/U0/inst_blk_mem_gen/gnbram.gnativebmg.native_blk_mem_gen/valid.cstr/ramloop[29].ram.r/prim_init.ram/addra_14_sn_1 could not be optimized because driver my_graphics/my_manager/buffer1/U0/inst_blk_mem_gen/gnbram.gnativebmg.native_blk_mem_gen/valid.cstr/ramloop[29].ram.r/prim_init.ram/DEVICE_7SERIES.NO_BMM_INFO.SDP.SIMPLE_PRIM36.ram_i_1__9 could not be replicated
INFO: [Physopt 32-117] Net my_graphics/my_manager/buffer0/U0/inst_blk_mem_gen/gnbram.gnativebmg.native_blk_mem_gen/valid.cstr/ramloop[14].ram.r/prim_init.ram/addra_14_sn_1 could not be optimized because driver my_graphics/my_manager/buffer0/U0/inst_blk_mem_gen/gnbram.gnativebmg.native_blk_mem_gen/valid.cstr/ramloop[14].ram.r/prim_init.ram/DEVICE_7SERIES.NO_BMM_INFO.SDP.SIMPLE_PRIM36.ram_i_1__28 could not be replicated
INFO: [Physopt 32-117] Net my_graphics/my_manager/buffer0/U0/inst_blk_mem_gen/gnbram.gnativebmg.native_blk_mem_gen/valid.cstr/ramloop[16].ram.r/prim_init.ram/addra_14_sn_1 could not be optimized because driver my_graphics/my_manager/buffer0/U0/inst_blk_mem_gen/gnbram.gnativebmg.native_blk_mem_gen/valid.cstr/ramloop[16].ram.r/prim_init.ram/DEVICE_7SERIES.NO_BMM_INFO.SDP.SIMPLE_PRIM36.ram_i_1__14 could not be replicated
INFO: [Physopt 32-117] Net my_graphics/my_manager/buffer0/U0/inst_blk_mem_gen/gnbram.gnativebmg.native_blk_mem_gen/valid.cstr/ramloop[26].ram.r/prim_init.ram/addra_15_sn_1 could not be optimized because driver my_graphics/my_manager/buffer0/U0/inst_blk_mem_gen/gnbram.gnativebmg.native_blk_mem_gen/valid.cstr/ramloop[26].ram.r/prim_init.ram/DEVICE_7SERIES.NO_BMM_INFO.SDP.SIMPLE_PRIM36.ram_i_1__13 could not be replicated
INFO: [Physopt 32-117] Net my_graphics/my_manager/buffer1/U0/inst_blk_mem_gen/gnbram.gnativebmg.native_blk_mem_gen/valid.cstr/ramloop[12].ram.r/prim_init.ram/addra_14_sn_1 could not be optimized because driver my_graphics/my_manager/buffer1/U0/inst_blk_mem_gen/gnbram.gnativebmg.native_blk_mem_gen/valid.cstr/ramloop[12].ram.r/prim_init.ram/DEVICE_7SERIES.NO_BMM_INFO.SDP.SIMPLE_PRIM36.ram_i_1__26 could not be replicated
INFO: [Physopt 32-117] Net my_graphics/my_manager/buffer0/U0/inst_blk_mem_gen/gnbram.gnativebmg.native_blk_mem_gen/valid.cstr/ramloop[18].ram.r/prim_init.ram/addra_14_sn_1 could not be optimized because driver my_graphics/my_manager/buffer0/U0/inst_blk_mem_gen/gnbram.gnativebmg.native_blk_mem_gen/valid.cstr/ramloop[18].ram.r/prim_init.ram/DEVICE_7SERIES.NO_BMM_INFO.SDP.SIMPLE_PRIM36.ram_i_1__16 could not be replicated
INFO: [Physopt 32-117] Net my_graphics/my_manager/buffer0/U0/inst_blk_mem_gen/gnbram.gnativebmg.native_blk_mem_gen/valid.cstr/ramloop[30].ram.r/prim_init.ram/addra_14_sn_1 could not be optimized because driver my_graphics/my_manager/buffer0/U0/inst_blk_mem_gen/gnbram.gnativebmg.native_blk_mem_gen/valid.cstr/ramloop[30].ram.r/prim_init.ram/DEVICE_7SERIES.NO_BMM_INFO.SDP.SIMPLE_PRIM36.ram_i_1__10 could not be replicated
INFO: [Physopt 32-117] Net my_graphics/my_manager/buffer1/U0/inst_blk_mem_gen/gnbram.gnativebmg.native_blk_mem_gen/valid.cstr/ramloop[14].ram.r/prim_init.ram/addra_14_sn_1 could not be optimized because driver my_graphics/my_manager/buffer1/U0/inst_blk_mem_gen/gnbram.gnativebmg.native_blk_mem_gen/valid.cstr/ramloop[14].ram.r/prim_init.ram/DEVICE_7SERIES.NO_BMM_INFO.SDP.SIMPLE_PRIM36.ram_i_1__28 could not be replicated
INFO: [Physopt 32-117] Net my_graphics/my_manager/buffer1/U0/inst_blk_mem_gen/gnbram.gnativebmg.native_blk_mem_gen/valid.cstr/ramloop[26].ram.r/prim_init.ram/addra_15_sn_1 could not be optimized because driver my_graphics/my_manager/buffer1/U0/inst_blk_mem_gen/gnbram.gnativebmg.native_blk_mem_gen/valid.cstr/ramloop[26].ram.r/prim_init.ram/DEVICE_7SERIES.NO_BMM_INFO.SDP.SIMPLE_PRIM36.ram_i_1__13 could not be replicated
INFO: [Physopt 32-117] Net my_graphics/my_manager/buffer1/U0/inst_blk_mem_gen/gnbram.gnativebmg.native_blk_mem_gen/valid.cstr/ramloop[24].ram.r/prim_init.ram/addra_15_sn_1 could not be optimized because driver my_graphics/my_manager/buffer1/U0/inst_blk_mem_gen/gnbram.gnativebmg.native_blk_mem_gen/valid.cstr/ramloop[24].ram.r/prim_init.ram/DEVICE_7SERIES.NO_BMM_INFO.SDP.SIMPLE_PRIM36.ram_i_1__11 could not be replicated
INFO: [Physopt 32-117] Net my_graphics/my_manager/buffer1/U0/inst_blk_mem_gen/gnbram.gnativebmg.native_blk_mem_gen/valid.cstr/ramloop[10].ram.r/prim_init.ram/addra_15_sn_1 could not be optimized because driver my_graphics/my_manager/buffer1/U0/inst_blk_mem_gen/gnbram.gnativebmg.native_blk_mem_gen/valid.cstr/ramloop[10].ram.r/prim_init.ram/DEVICE_7SERIES.NO_BMM_INFO.SDP.SIMPLE_PRIM36.ram_i_1__31 could not be replicated
INFO: [Physopt 32-117] Net my_graphics/my_manager/buffer1/U0/inst_blk_mem_gen/gnbram.gnativebmg.native_blk_mem_gen/valid.cstr/ramloop[19].ram.r/prim_init.ram/addra_14_sn_1 could not be optimized because driver my_graphics/my_manager/buffer1/U0/inst_blk_mem_gen/gnbram.gnativebmg.native_blk_mem_gen/valid.cstr/ramloop[19].ram.r/prim_init.ram/DEVICE_7SERIES.NO_BMM_INFO.SDP.SIMPLE_PRIM36.ram_i_1__0 could not be replicated
INFO: [Physopt 32-117] Net my_graphics/my_manager/buffer1/U0/inst_blk_mem_gen/gnbram.gnativebmg.native_blk_mem_gen/valid.cstr/ramloop[27].ram.r/prim_init.ram/addra_15_sn_1 could not be optimized because driver my_graphics/my_manager/buffer1/U0/inst_blk_mem_gen/gnbram.gnativebmg.native_blk_mem_gen/valid.cstr/ramloop[27].ram.r/prim_init.ram/DEVICE_7SERIES.NO_BMM_INFO.SDP.SIMPLE_PRIM36.ram_i_1__2 could not be replicated
INFO: [Physopt 32-117] Net my_graphics/my_manager/buffer1/U0/inst_blk_mem_gen/gnbram.gnativebmg.native_blk_mem_gen/valid.cstr/ramloop[2].ram.r/prim_init.ram/addra_14_sn_1 could not be optimized because driver my_graphics/my_manager/buffer1/U0/inst_blk_mem_gen/gnbram.gnativebmg.native_blk_mem_gen/valid.cstr/ramloop[2].ram.r/prim_init.ram/DEVICE_7SERIES.NO_BMM_INFO.SDP.SIMPLE_PRIM36.ram_i_1__22 could not be replicated
INFO: [Physopt 32-117] Net my_graphics/my_manager/buffer1/U0/inst_blk_mem_gen/gnbram.gnativebmg.native_blk_mem_gen/valid.cstr/ramloop[5].ram.r/prim_init.ram/addra_14_sn_1 could not be optimized because driver my_graphics/my_manager/buffer1/U0/inst_blk_mem_gen/gnbram.gnativebmg.native_blk_mem_gen/valid.cstr/ramloop[5].ram.r/prim_init.ram/DEVICE_7SERIES.NO_BMM_INFO.SDP.SIMPLE_PRIM36.ram_i_1__24 could not be replicated
INFO: [Physopt 32-117] Net my_graphics/my_manager/buffer1/U0/inst_blk_mem_gen/gnbram.gnativebmg.native_blk_mem_gen/valid.cstr/ramloop[8].ram.r/prim_init.ram/addra_15_sn_1 could not be optimized because driver my_graphics/my_manager/buffer1/U0/inst_blk_mem_gen/gnbram.gnativebmg.native_blk_mem_gen/valid.cstr/ramloop[8].ram.r/prim_init.ram/DEVICE_7SERIES.NO_BMM_INFO.SDP.SIMPLE_PRIM36.ram_i_1__29 could not be replicated
INFO: [Physopt 32-117] Net my_graphics/my_manager/buffer1/U0/inst_blk_mem_gen/gnbram.gnativebmg.native_blk_mem_gen/valid.cstr/ramloop[22].ram.r/prim_init.ram/addra_14_sn_1 could not be optimized because driver my_graphics/my_manager/buffer1/U0/inst_blk_mem_gen/gnbram.gnativebmg.native_blk_mem_gen/valid.cstr/ramloop[22].ram.r/prim_init.ram/DEVICE_7SERIES.NO_BMM_INFO.SDP.SIMPLE_PRIM36.ram_i_1__19 could not be replicated
INFO: [Physopt 32-117] Net my_graphics/my_manager/buffer1/U0/inst_blk_mem_gen/gnbram.gnativebmg.native_blk_mem_gen/valid.cstr/ramloop[7].ram.r/prim_init.ram/addra_14_sn_1 could not be optimized because driver my_graphics/my_manager/buffer1/U0/inst_blk_mem_gen/gnbram.gnativebmg.native_blk_mem_gen/valid.cstr/ramloop[7].ram.r/prim_init.ram/DEVICE_7SERIES.NO_BMM_INFO.SDP.SIMPLE_PRIM36.ram_i_1__5 could not be replicated
INFO: [Physopt 32-117] Net my_graphics/my_manager/buffer1/U0/inst_blk_mem_gen/gnbram.gnativebmg.native_blk_mem_gen/valid.cstr/ramloop[0].ram.r/prim_init.ram/addra_14_sn_1 could not be optimized because driver my_graphics/my_manager/buffer1/U0/inst_blk_mem_gen/gnbram.gnativebmg.native_blk_mem_gen/valid.cstr/ramloop[0].ram.r/prim_init.ram/DEVICE_7SERIES.NO_BMM_INFO.SDP.SIMPLE_PRIM36.ram_i_1__20 could not be replicated
INFO: [Physopt 32-117] Net my_graphics/my_manager/buffer0/U0/inst_blk_mem_gen/gnbram.gnativebmg.native_blk_mem_gen/valid.cstr/ramloop[24].ram.r/prim_init.ram/addra_15_sn_1 could not be optimized because driver my_graphics/my_manager/buffer0/U0/inst_blk_mem_gen/gnbram.gnativebmg.native_blk_mem_gen/valid.cstr/ramloop[24].ram.r/prim_init.ram/DEVICE_7SERIES.NO_BMM_INFO.SDP.SIMPLE_PRIM36.ram_i_1__11 could not be replicated
INFO: [Physopt 32-117] Net my_graphics/my_manager/buffer1/U0/inst_blk_mem_gen/gnbram.gnativebmg.native_blk_mem_gen/valid.cstr/ramloop[6].ram.r/prim_init.ram/addra_14_sn_1 could not be optimized because driver my_graphics/my_manager/buffer1/U0/inst_blk_mem_gen/gnbram.gnativebmg.native_blk_mem_gen/valid.cstr/ramloop[6].ram.r/prim_init.ram/DEVICE_7SERIES.NO_BMM_INFO.SDP.SIMPLE_PRIM36.ram_i_1__25 could not be replicated
INFO: [Physopt 32-117] Net my_graphics/my_manager/buffer1/U0/inst_blk_mem_gen/gnbram.gnativebmg.native_blk_mem_gen/valid.cstr/ramloop[38].ram.r/prim_init.ram/addra_14_sn_1 could not be optimized because driver my_graphics/my_manager/buffer1/U0/inst_blk_mem_gen/gnbram.gnativebmg.native_blk_mem_gen/valid.cstr/ramloop[38].ram.r/prim_init.ram/DEVICE_7SERIES.NO_BMM_INFO.SDP.SIMPLE_PRIM36.ram_i_1__33 could not be replicated
INFO: [Physopt 32-117] Net my_graphics/my_manager/buffer1/U0/inst_blk_mem_gen/gnbram.gnativebmg.native_blk_mem_gen/valid.cstr/ramloop[36].ram.r/prim_init.ram/addra_14_sn_1 could not be optimized because driver my_graphics/my_manager/buffer1/U0/inst_blk_mem_gen/gnbram.gnativebmg.native_blk_mem_gen/valid.cstr/ramloop[36].ram.r/prim_init.ram/DEVICE_7SERIES.NO_BMM_INFO.SDP.SIMPLE_PRIM36.ram_i_1__37 could not be replicated
INFO: [Physopt 32-117] Net my_graphics/my_manager/buffer0/U0/inst_blk_mem_gen/gnbram.gnativebmg.native_blk_mem_gen/valid.cstr/ramloop[29].ram.r/prim_init.ram/addra_14_sn_1 could not be optimized because driver my_graphics/my_manager/buffer0/U0/inst_blk_mem_gen/gnbram.gnativebmg.native_blk_mem_gen/valid.cstr/ramloop[29].ram.r/prim_init.ram/DEVICE_7SERIES.NO_BMM_INFO.SDP.SIMPLE_PRIM36.ram_i_1__9 could not be replicated
INFO: [Physopt 32-117] Net my_graphics/my_manager/buffer1/U0/inst_blk_mem_gen/gnbram.gnativebmg.native_blk_mem_gen/valid.cstr/ramloop[33].ram.r/prim_init.ram/addra_14_sn_1 could not be optimized because driver my_graphics/my_manager/buffer1/U0/inst_blk_mem_gen/gnbram.gnativebmg.native_blk_mem_gen/valid.cstr/ramloop[33].ram.r/prim_init.ram/DEVICE_7SERIES.NO_BMM_INFO.SDP.SIMPLE_PRIM36.ram_i_1__34 could not be replicated
INFO: [Physopt 32-117] Net my_graphics/my_manager/buffer0/U0/inst_blk_mem_gen/gnbram.gnativebmg.native_blk_mem_gen/valid.cstr/ramloop[12].ram.r/prim_init.ram/addra_14_sn_1 could not be optimized because driver my_graphics/my_manager/buffer0/U0/inst_blk_mem_gen/gnbram.gnativebmg.native_blk_mem_gen/valid.cstr/ramloop[12].ram.r/prim_init.ram/DEVICE_7SERIES.NO_BMM_INFO.SDP.SIMPLE_PRIM36.ram_i_1__26 could not be replicated
INFO: [Physopt 32-117] Net my_graphics/my_manager/buffer0/U0/inst_blk_mem_gen/gnbram.gnativebmg.native_blk_mem_gen/valid.cstr/ramloop[0].ram.r/prim_init.ram/addra_14_sn_1 could not be optimized because driver my_graphics/my_manager/buffer0/U0/inst_blk_mem_gen/gnbram.gnativebmg.native_blk_mem_gen/valid.cstr/ramloop[0].ram.r/prim_init.ram/DEVICE_7SERIES.NO_BMM_INFO.SDP.SIMPLE_PRIM36.ram_i_1__20 could not be replicated
INFO: [Physopt 32-117] Net my_graphics/my_manager/buffer1/U0/inst_blk_mem_gen/gnbram.gnativebmg.native_blk_mem_gen/valid.cstr/ramloop[13].ram.r/prim_init.ram/addra_14_sn_1 could not be optimized because driver my_graphics/my_manager/buffer1/U0/inst_blk_mem_gen/gnbram.gnativebmg.native_blk_mem_gen/valid.cstr/ramloop[13].ram.r/prim_init.ram/DEVICE_7SERIES.NO_BMM_INFO.SDP.SIMPLE_PRIM36.ram_i_1__27 could not be replicated
INFO: [Physopt 32-117] Net my_graphics/my_manager/buffer1/U0/inst_blk_mem_gen/gnbram.gnativebmg.native_blk_mem_gen/valid.cstr/ramloop[25].ram.r/prim_init.ram/addra_15_sn_1 could not be optimized because driver my_graphics/my_manager/buffer1/U0/inst_blk_mem_gen/gnbram.gnativebmg.native_blk_mem_gen/valid.cstr/ramloop[25].ram.r/prim_init.ram/DEVICE_7SERIES.NO_BMM_INFO.SDP.SIMPLE_PRIM36.ram_i_1__12 could not be replicated
INFO: [Physopt 32-117] Net my_graphics/my_manager/buffer0/U0/inst_blk_mem_gen/gnbram.gnativebmg.native_blk_mem_gen/valid.cstr/ramloop[3].ram.r/prim_init.ram/addra_14_sn_1 could not be optimized because driver my_graphics/my_manager/buffer0/U0/inst_blk_mem_gen/gnbram.gnativebmg.native_blk_mem_gen/valid.cstr/ramloop[3].ram.r/prim_init.ram/DEVICE_7SERIES.NO_BMM_INFO.SDP.SIMPLE_PRIM36.ram_i_1__4 could not be replicated
INFO: [Physopt 32-117] Net my_graphics/my_manager/buffer0/U0/inst_blk_mem_gen/gnbram.gnativebmg.native_blk_mem_gen/valid.cstr/ramloop[36].ram.r/prim_init.ram/addra_14_sn_1 could not be optimized because driver my_graphics/my_manager/buffer0/U0/inst_blk_mem_gen/gnbram.gnativebmg.native_blk_mem_gen/valid.cstr/ramloop[36].ram.r/prim_init.ram/DEVICE_7SERIES.NO_BMM_INFO.SDP.SIMPLE_PRIM36.ram_i_1__37 could not be replicated
INFO: [Physopt 32-117] Net my_graphics/my_manager/buffer0/U0/inst_blk_mem_gen/gnbram.gnativebmg.native_blk_mem_gen/valid.cstr/ramloop[35].ram.r/prim_init.ram/addra_14_sn_1 could not be optimized because driver my_graphics/my_manager/buffer0/U0/inst_blk_mem_gen/gnbram.gnativebmg.native_blk_mem_gen/valid.cstr/ramloop[35].ram.r/prim_init.ram/DEVICE_7SERIES.NO_BMM_INFO.SDP.SIMPLE_PRIM36.ram_i_1 could not be replicated
INFO: [Physopt 32-117] Net my_graphics/my_manager/buffer0/U0/inst_blk_mem_gen/gnbram.gnativebmg.native_blk_mem_gen/valid.cstr/ramloop[19].ram.r/prim_init.ram/addra_14_sn_1 could not be optimized because driver my_graphics/my_manager/buffer0/U0/inst_blk_mem_gen/gnbram.gnativebmg.native_blk_mem_gen/valid.cstr/ramloop[19].ram.r/prim_init.ram/DEVICE_7SERIES.NO_BMM_INFO.SDP.SIMPLE_PRIM36.ram_i_1__0 could not be replicated
INFO: [Physopt 32-117] Net my_graphics/my_manager/buffer0/U0/inst_blk_mem_gen/gnbram.gnativebmg.native_blk_mem_gen/valid.cstr/ramloop[6].ram.r/prim_init.ram/addra_14_sn_1 could not be optimized because driver my_graphics/my_manager/buffer0/U0/inst_blk_mem_gen/gnbram.gnativebmg.native_blk_mem_gen/valid.cstr/ramloop[6].ram.r/prim_init.ram/DEVICE_7SERIES.NO_BMM_INFO.SDP.SIMPLE_PRIM36.ram_i_1__25 could not be replicated
INFO: [Physopt 32-117] Net my_graphics/my_manager/buffer0/U0/inst_blk_mem_gen/gnbram.gnativebmg.native_blk_mem_gen/valid.cstr/ramloop[37].ram.r/prim_init.ram/addra_14_sn_1 could not be optimized because driver my_graphics/my_manager/buffer0/U0/inst_blk_mem_gen/gnbram.gnativebmg.native_blk_mem_gen/valid.cstr/ramloop[37].ram.r/prim_init.ram/DEVICE_7SERIES.NO_BMM_INFO.SDP.SIMPLE_PRIM36.ram_i_1__35 could not be replicated
INFO: [Physopt 32-117] Net my_graphics/my_manager/buffer0/U0/inst_blk_mem_gen/gnbram.gnativebmg.native_blk_mem_gen/valid.cstr/ramloop[33].ram.r/prim_init.ram/addra_14_sn_1 could not be optimized because driver my_graphics/my_manager/buffer0/U0/inst_blk_mem_gen/gnbram.gnativebmg.native_blk_mem_gen/valid.cstr/ramloop[33].ram.r/prim_init.ram/DEVICE_7SERIES.NO_BMM_INFO.SDP.SIMPLE_PRIM36.ram_i_1__34 could not be replicated
INFO: [Physopt 32-117] Net my_graphics/my_manager/buffer1/U0/inst_blk_mem_gen/gnbram.gnativebmg.native_blk_mem_gen/valid.cstr/ramloop[9].ram.r/prim_init.ram/addra_15_sn_1 could not be optimized because driver my_graphics/my_manager/buffer1/U0/inst_blk_mem_gen/gnbram.gnativebmg.native_blk_mem_gen/valid.cstr/ramloop[9].ram.r/prim_init.ram/DEVICE_7SERIES.NO_BMM_INFO.SDP.SIMPLE_PRIM36.ram_i_1__30 could not be replicated
INFO: [Physopt 32-117] Net my_graphics/my_manager/buffer1/U0/inst_blk_mem_gen/gnbram.gnativebmg.native_blk_mem_gen/valid.cstr/ramloop[11].ram.r/prim_init.ram/addra_15_sn_1 could not be optimized because driver my_graphics/my_manager/buffer1/U0/inst_blk_mem_gen/gnbram.gnativebmg.native_blk_mem_gen/valid.cstr/ramloop[11].ram.r/prim_init.ram/DEVICE_7SERIES.NO_BMM_INFO.SDP.SIMPLE_PRIM36.ram_i_1__6 could not be replicated
INFO: [Physopt 32-117] Net my_graphics/my_manager/buffer0/U0/inst_blk_mem_gen/gnbram.gnativebmg.native_blk_mem_gen/valid.cstr/ramloop[5].ram.r/prim_init.ram/addra_14_sn_1 could not be optimized because driver my_graphics/my_manager/buffer0/U0/inst_blk_mem_gen/gnbram.gnativebmg.native_blk_mem_gen/valid.cstr/ramloop[5].ram.r/prim_init.ram/DEVICE_7SERIES.NO_BMM_INFO.SDP.SIMPLE_PRIM36.ram_i_1__24 could not be replicated
INFO: [Physopt 32-117] Net my_graphics/my_manager/buffer0/U0/inst_blk_mem_gen/gnbram.gnativebmg.native_blk_mem_gen/valid.cstr/ramloop[38].ram.r/prim_init.ram/addra_14_sn_1 could not be optimized because driver my_graphics/my_manager/buffer0/U0/inst_blk_mem_gen/gnbram.gnativebmg.native_blk_mem_gen/valid.cstr/ramloop[38].ram.r/prim_init.ram/DEVICE_7SERIES.NO_BMM_INFO.SDP.SIMPLE_PRIM36.ram_i_1__33 could not be replicated
INFO: [Physopt 32-117] Net my_graphics/my_manager/buffer0/U0/inst_blk_mem_gen/gnbram.gnativebmg.native_blk_mem_gen/valid.cstr/ramloop[34].ram.r/prim_init.ram/addra_14_sn_1 could not be optimized because driver my_graphics/my_manager/buffer0/U0/inst_blk_mem_gen/gnbram.gnativebmg.native_blk_mem_gen/valid.cstr/ramloop[34].ram.r/prim_init.ram/DEVICE_7SERIES.NO_BMM_INFO.SDP.SIMPLE_PRIM36.ram_i_1__32 could not be replicated
INFO: [Physopt 32-117] Net my_graphics/my_manager/buffer0/U0/inst_blk_mem_gen/gnbram.gnativebmg.native_blk_mem_gen/valid.cstr/ramloop[2].ram.r/prim_init.ram/addra_14_sn_1 could not be optimized because driver my_graphics/my_manager/buffer0/U0/inst_blk_mem_gen/gnbram.gnativebmg.native_blk_mem_gen/valid.cstr/ramloop[2].ram.r/prim_init.ram/DEVICE_7SERIES.NO_BMM_INFO.SDP.SIMPLE_PRIM36.ram_i_1__22 could not be replicated
INFO: [Physopt 32-117] Net my_graphics/my_manager/buffer0/U0/inst_blk_mem_gen/gnbram.gnativebmg.native_blk_mem_gen/valid.cstr/ramloop[7].ram.r/prim_init.ram/addra_14_sn_1 could not be optimized because driver my_graphics/my_manager/buffer0/U0/inst_blk_mem_gen/gnbram.gnativebmg.native_blk_mem_gen/valid.cstr/ramloop[7].ram.r/prim_init.ram/DEVICE_7SERIES.NO_BMM_INFO.SDP.SIMPLE_PRIM36.ram_i_1__5 could not be replicated
INFO: [Physopt 32-117] Net my_graphics/my_manager/buffer1/U0/inst_blk_mem_gen/gnbram.gnativebmg.native_blk_mem_gen/valid.cstr/ramloop[34].ram.r/prim_init.ram/addra_14_sn_1 could not be optimized because driver my_graphics/my_manager/buffer1/U0/inst_blk_mem_gen/gnbram.gnativebmg.native_blk_mem_gen/valid.cstr/ramloop[34].ram.r/prim_init.ram/DEVICE_7SERIES.NO_BMM_INFO.SDP.SIMPLE_PRIM36.ram_i_1__32 could not be replicated
INFO: [Physopt 32-117] Net my_graphics/my_manager/buffer1/U0/inst_blk_mem_gen/gnbram.gnativebmg.native_blk_mem_gen/valid.cstr/ramloop[32].ram.r/prim_init.ram/addra_14_sn_1 could not be optimized because driver my_graphics/my_manager/buffer1/U0/inst_blk_mem_gen/gnbram.gnativebmg.native_blk_mem_gen/valid.cstr/ramloop[32].ram.r/prim_init.ram/DEVICE_7SERIES.NO_BMM_INFO.SDP.SIMPLE_PRIM36.ram_i_1__36 could not be replicated
INFO: [Physopt 32-68] No nets found for critical-cell optimization.
INFO: [Physopt 32-232] Optimized 0 net. Created 0 new instance.
INFO: [Physopt 32-775] End 1 Pass. Optimized 0 net or cell. Created 0 new cell, deleted 0 existing cell and moved 0 existing cell
INFO: [Physopt 32-457] Pass 1. Identified 1 candidate cell for DSP register optimization.
INFO: [Physopt 32-665] Processed cell my_game/cur_time_reg. 20 registers were pushed out.
INFO: [Physopt 32-775] End 2 Pass. Optimized 1 net or cell. Created 20 new cells, deleted 0 existing cell and moved 0 existing cell
Netlist sorting complete. Time (s): cpu = 00:00:00 ; elapsed = 00:00:00.126 . Memory (MB): peak = 3009.422 ; gain = 0.000
INFO: [Physopt 32-677] No candidate cells for Shift Register optimization found in the design
INFO: [Physopt 32-775] End 1 Pass. Optimized 0 net or cell. Created 0 new cell, deleted 0 existing cell and moved 0 existing cell
INFO: [Physopt 32-665] Processed cell my_graphics/my_manager/buffer1/U0/inst_blk_mem_gen/gnbram.gnativebmg.native_blk_mem_gen/valid.cstr/ramloop[43].ram.r/prim_init.ram/DEVICE_7SERIES.NO_BMM_INFO.SDP.SIMPLE_PRIM36.ram. 9 registers were pushed out.
INFO: [Physopt 32-665] Processed cell my_graphics/my_manager/buffer0/U0/inst_blk_mem_gen/gnbram.gnativebmg.native_blk_mem_gen/valid.cstr/ramloop[53].ram.r/prim_init.ram/DEVICE_7SERIES.NO_BMM_INFO.SDP.SIMPLE_PRIM36.ram. 9 registers were pushed out.
INFO: [Physopt 32-665] Processed cell my_graphics/my_manager/buffer1/U0/inst_blk_mem_gen/gnbram.gnativebmg.native_blk_mem_gen/valid.cstr/ramloop[42].ram.r/prim_init.ram/DEVICE_7SERIES.NO_BMM_INFO.SDP.SIMPLE_PRIM36.ram. 9 registers were pushed out.
INFO: [Physopt 32-665] Processed cell my_graphics/my_manager/buffer1/U0/inst_blk_mem_gen/gnbram.gnativebmg.native_blk_mem_gen/valid.cstr/ramloop[71].ram.r/prim_init.ram/DEVICE_7SERIES.NO_BMM_INFO.SDP.SIMPLE_PRIM36.ram. 9 registers were pushed out.
INFO: [Physopt 32-665] Processed cell my_graphics/my_manager/buffer1/U0/inst_blk_mem_gen/gnbram.gnativebmg.native_blk_mem_gen/valid.cstr/ramloop[63].ram.r/prim_init.ram/DEVICE_7SERIES.NO_BMM_INFO.SDP.SIMPLE_PRIM36.ram. 9 registers were pushed out.
INFO: [Physopt 32-665] Processed cell my_graphics/my_manager/buffer0/U0/inst_blk_mem_gen/gnbram.gnativebmg.native_blk_mem_gen/valid.cstr/ramloop[58].ram.r/prim_init.ram/DEVICE_7SERIES.NO_BMM_INFO.SDP.SIMPLE_PRIM36.ram. 9 registers were pushed out.
INFO: [Physopt 32-665] Processed cell my_graphics/my_manager/buffer0/U0/inst_blk_mem_gen/gnbram.gnativebmg.native_blk_mem_gen/valid.cstr/ramloop[63].ram.r/prim_init.ram/DEVICE_7SERIES.NO_BMM_INFO.SDP.SIMPLE_PRIM36.ram. 9 registers were pushed out.
INFO: [Physopt 32-665] Processed cell my_graphics/my_manager/buffer1/U0/inst_blk_mem_gen/gnbram.gnativebmg.native_blk_mem_gen/valid.cstr/ramloop[75].ram.r/prim_init.ram/DEVICE_7SERIES.NO_BMM_INFO.SDP.SIMPLE_PRIM36.ram. 9 registers were pushed out.
INFO: [Physopt 32-665] Processed cell my_graphics/my_manager/buffer1/U0/inst_blk_mem_gen/gnbram.gnativebmg.native_blk_mem_gen/valid.cstr/ramloop[17].ram.r/prim_init.ram/DEVICE_7SERIES.NO_BMM_INFO.SDP.SIMPLE_PRIM36.ram. 9 registers were pushed out.
INFO: [Physopt 32-665] Processed cell my_graphics/my_manager/buffer0/U0/inst_blk_mem_gen/gnbram.gnativebmg.native_blk_mem_gen/valid.cstr/ramloop[62].ram.r/prim_init.ram/DEVICE_7SERIES.NO_BMM_INFO.SDP.SIMPLE_PRIM36.ram. 9 registers were pushed out.
INFO: [Physopt 32-665] Processed cell my_graphics/my_manager/buffer1/U0/inst_blk_mem_gen/gnbram.gnativebmg.native_blk_mem_gen/valid.cstr/ramloop[44].ram.r/prim_init.ram/DEVICE_7SERIES.NO_BMM_INFO.SDP.SIMPLE_PRIM36.ram. 9 registers were pushed out.
INFO: [Physopt 32-665] Processed cell my_graphics/my_manager/buffer1/U0/inst_blk_mem_gen/gnbram.gnativebmg.native_blk_mem_gen/valid.cstr/ramloop[1].ram.r/prim_init.ram/DEVICE_7SERIES.NO_BMM_INFO.SDP.SIMPLE_PRIM36.ram. 9 registers were pushed out.
INFO: [Physopt 32-665] Processed cell my_graphics/my_manager/buffer1/U0/inst_blk_mem_gen/gnbram.gnativebmg.native_blk_mem_gen/valid.cstr/ramloop[41].ram.r/prim_init.ram/DEVICE_7SERIES.NO_BMM_INFO.SDP.SIMPLE_PRIM36.ram. 9 registers were pushed out.
INFO: [Physopt 32-665] Processed cell my_graphics/my_manager/buffer0/U0/inst_blk_mem_gen/gnbram.gnativebmg.native_blk_mem_gen/valid.cstr/ramloop[18].ram.r/prim_init.ram/DEVICE_7SERIES.NO_BMM_INFO.SDP.SIMPLE_PRIM36.ram. 9 registers were pushed out.
INFO: [Physopt 32-665] Processed cell my_graphics/my_manager/buffer0/U0/inst_blk_mem_gen/gnbram.gnativebmg.native_blk_mem_gen/valid.cstr/ramloop[59].ram.r/prim_init.ram/DEVICE_7SERIES.NO_BMM_INFO.SDP.SIMPLE_PRIM36.ram. 9 registers were pushed out.
INFO: [Physopt 32-665] Processed cell my_graphics/my_manager/buffer1/U0/inst_blk_mem_gen/gnbram.gnativebmg.native_blk_mem_gen/valid.cstr/ramloop[31].ram.r/prim_init.ram/DEVICE_7SERIES.NO_BMM_INFO.SDP.SIMPLE_PRIM36.ram. 9 registers were pushed out.
INFO: [Physopt 32-665] Processed cell my_graphics/my_manager/buffer0/U0/inst_blk_mem_gen/gnbram.gnativebmg.native_blk_mem_gen/valid.cstr/ramloop[60].ram.r/prim_init.ram/DEVICE_7SERIES.NO_BMM_INFO.SDP.SIMPLE_PRIM36.ram. 9 registers were pushed out.
INFO: [Physopt 32-665] Processed cell my_graphics/my_manager/buffer1/U0/inst_blk_mem_gen/gnbram.gnativebmg.native_blk_mem_gen/valid.cstr/ramloop[47].ram.r/prim_init.ram/DEVICE_7SERIES.NO_BMM_INFO.SDP.SIMPLE_PRIM36.ram. 9 registers were pushed out.
INFO: [Physopt 32-665] Processed cell my_graphics/my_manager/buffer0/U0/inst_blk_mem_gen/gnbram.gnativebmg.native_blk_mem_gen/valid.cstr/ramloop[3].ram.r/prim_init.ram/DEVICE_7SERIES.NO_BMM_INFO.SDP.SIMPLE_PRIM36.ram. 9 registers were pushed out.
INFO: [Physopt 32-665] Processed cell my_graphics/my_manager/buffer0/U0/inst_blk_mem_gen/gnbram.gnativebmg.native_blk_mem_gen/valid.cstr/ramloop[71].ram.r/prim_init.ram/DEVICE_7SERIES.NO_BMM_INFO.SDP.SIMPLE_PRIM36.ram. 9 registers were pushed out.
INFO: [Physopt 32-665] Processed cell my_graphics/my_manager/buffer0/U0/inst_blk_mem_gen/gnbram.gnativebmg.native_blk_mem_gen/valid.cstr/ramloop[1].ram.r/prim_init.ram/DEVICE_7SERIES.NO_BMM_INFO.SDP.SIMPLE_PRIM36.ram. 9 registers were pushed out.
INFO: [Physopt 32-665] Processed cell my_graphics/my_manager/buffer1/U0/inst_blk_mem_gen/gnbram.gnativebmg.native_blk_mem_gen/valid.cstr/ramloop[40].ram.r/prim_init.ram/DEVICE_7SERIES.NO_BMM_INFO.SDP.SIMPLE_PRIM36.ram. 9 registers were pushed out.
INFO: [Physopt 32-665] Processed cell my_graphics/my_manager/buffer0/U0/inst_blk_mem_gen/gnbram.gnativebmg.native_blk_mem_gen/valid.cstr/ramloop[57].ram.r/prim_init.ram/DEVICE_7SERIES.NO_BMM_INFO.SDP.SIMPLE_PRIM36.ram. 9 registers were pushed out.
INFO: [Physopt 32-665] Processed cell my_graphics/my_manager/buffer0/U0/inst_blk_mem_gen/gnbram.gnativebmg.native_blk_mem_gen/valid.cstr/ramloop[46].ram.r/prim_init.ram/DEVICE_7SERIES.NO_BMM_INFO.SDP.SIMPLE_PRIM36.ram. 9 registers were pushed out.
INFO: [Physopt 32-665] Processed cell my_graphics/my_manager/buffer1/U0/inst_blk_mem_gen/gnbram.gnativebmg.native_blk_mem_gen/valid.cstr/ramloop[58].ram.r/prim_init.ram/DEVICE_7SERIES.NO_BMM_INFO.SDP.SIMPLE_PRIM36.ram. 9 registers were pushed out.
INFO: [Physopt 32-665] Processed cell my_graphics/my_manager/buffer1/U0/inst_blk_mem_gen/gnbram.gnativebmg.native_blk_mem_gen/valid.cstr/ramloop[61].ram.r/prim_init.ram/DEVICE_7SERIES.NO_BMM_INFO.SDP.SIMPLE_PRIM36.ram. 9 registers were pushed out.
INFO: [Physopt 32-665] Processed cell my_graphics/my_manager/buffer0/U0/inst_blk_mem_gen/gnbram.gnativebmg.native_blk_mem_gen/valid.cstr/ramloop[72].ram.r/prim_init.ram/DEVICE_7SERIES.NO_BMM_INFO.SDP.SIMPLE_PRIM36.ram. 9 registers were pushed out.
INFO: [Physopt 32-665] Processed cell my_graphics/my_manager/buffer0/U0/inst_blk_mem_gen/gnbram.gnativebmg.native_blk_mem_gen/valid.cstr/ramloop[56].ram.r/prim_init.ram/DEVICE_7SERIES.NO_BMM_INFO.SDP.SIMPLE_PRIM36.ram. 9 registers were pushed out.
INFO: [Physopt 32-665] Processed cell my_graphics/my_manager/buffer1/U0/inst_blk_mem_gen/gnbram.gnativebmg.native_blk_mem_gen/valid.cstr/ramloop[70].ram.r/prim_init.ram/DEVICE_7SERIES.NO_BMM_INFO.SDP.SIMPLE_PRIM36.ram. 9 registers were pushed out.
INFO: [Physopt 32-665] Processed cell my_graphics/my_manager/buffer0/U0/inst_blk_mem_gen/gnbram.gnativebmg.native_blk_mem_gen/valid.cstr/ramloop[43].ram.r/prim_init.ram/DEVICE_7SERIES.NO_BMM_INFO.SDP.SIMPLE_PRIM36.ram. 9 registers were pushed out.
INFO: [Physopt 32-665] Processed cell my_graphics/my_manager/buffer0/U0/inst_blk_mem_gen/gnbram.gnativebmg.native_blk_mem_gen/valid.cstr/ramloop[50].ram.r/prim_init.ram/DEVICE_7SERIES.NO_BMM_INFO.SDP.SIMPLE_PRIM36.ram. 9 registers were pushed out.
INFO: [Physopt 32-665] Processed cell my_graphics/my_manager/buffer1/U0/inst_blk_mem_gen/gnbram.gnativebmg.native_blk_mem_gen/valid.cstr/ramloop[21].ram.r/prim_init.ram/DEVICE_7SERIES.NO_BMM_INFO.SDP.SIMPLE_PRIM36.ram. 9 registers were pushed out.
INFO: [Physopt 32-665] Processed cell my_graphics/my_manager/buffer0/U0/inst_blk_mem_gen/gnbram.gnativebmg.native_blk_mem_gen/valid.cstr/ramloop[42].ram.r/prim_init.ram/DEVICE_7SERIES.NO_BMM_INFO.SDP.SIMPLE_PRIM36.ram. 9 registers were pushed out.
INFO: [Physopt 32-665] Processed cell my_graphics/my_manager/buffer1/U0/inst_blk_mem_gen/gnbram.gnativebmg.native_blk_mem_gen/valid.cstr/ramloop[10].ram.r/prim_init.ram/DEVICE_7SERIES.NO_BMM_INFO.SDP.SIMPLE_PRIM36.ram. 9 registers were pushed out.
INFO: [Physopt 32-665] Processed cell my_graphics/my_manager/buffer0/U0/inst_blk_mem_gen/gnbram.gnativebmg.native_blk_mem_gen/valid.cstr/ramloop[45].ram.r/prim_init.ram/DEVICE_7SERIES.NO_BMM_INFO.SDP.SIMPLE_PRIM36.ram. 9 registers were pushed out.
INFO: [Physopt 32-665] Processed cell my_graphics/my_manager/buffer0/U0/inst_blk_mem_gen/gnbram.gnativebmg.native_blk_mem_gen/valid.cstr/ramloop[61].ram.r/prim_init.ram/DEVICE_7SERIES.NO_BMM_INFO.SDP.SIMPLE_PRIM36.ram. 9 registers were pushed out.
INFO: [Physopt 32-665] Processed cell my_graphics/my_manager/buffer0/U0/inst_blk_mem_gen/gnbram.gnativebmg.native_blk_mem_gen/valid.cstr/ramloop[66].ram.r/prim_init.ram/DEVICE_7SERIES.NO_BMM_INFO.SDP.SIMPLE_PRIM36.ram. 9 registers were pushed out.
INFO: [Physopt 32-665] Processed cell my_graphics/my_manager/buffer1/U0/inst_blk_mem_gen/gnbram.gnativebmg.native_blk_mem_gen/valid.cstr/ramloop[46].ram.r/prim_init.ram/DEVICE_7SERIES.NO_BMM_INFO.SDP.SIMPLE_PRIM36.ram. 9 registers were pushed out.
INFO: [Physopt 32-665] Processed cell my_graphics/my_manager/buffer0/U0/inst_blk_mem_gen/gnbram.gnativebmg.native_blk_mem_gen/valid.cstr/ramloop[55].ram.r/prim_init.ram/DEVICE_7SERIES.NO_BMM_INFO.SDP.SIMPLE_PRIM36.ram. 9 registers were pushed out.
INFO: [Physopt 32-665] Processed cell my_graphics/my_manager/buffer1/U0/inst_blk_mem_gen/gnbram.gnativebmg.native_blk_mem_gen/valid.cstr/ramloop[57].ram.r/prim_init.ram/DEVICE_7SERIES.NO_BMM_INFO.SDP.SIMPLE_PRIM36.ram. 9 registers were pushed out.
INFO: [Physopt 32-665] Processed cell my_graphics/my_manager/buffer0/U0/inst_blk_mem_gen/gnbram.gnativebmg.native_blk_mem_gen/valid.cstr/ramloop[41].ram.r/prim_init.ram/DEVICE_7SERIES.NO_BMM_INFO.SDP.SIMPLE_PRIM36.ram. 9 registers were pushed out.
INFO: [Physopt 32-665] Processed cell my_graphics/my_manager/buffer1/U0/inst_blk_mem_gen/gnbram.gnativebmg.native_blk_mem_gen/valid.cstr/ramloop[19].ram.r/prim_init.ram/DEVICE_7SERIES.NO_BMM_INFO.SDP.SIMPLE_PRIM36.ram. 9 registers were pushed out.
INFO: [Physopt 32-665] Processed cell my_graphics/my_manager/buffer0/U0/inst_blk_mem_gen/gnbram.gnativebmg.native_blk_mem_gen/valid.cstr/ramloop[40].ram.r/prim_init.ram/DEVICE_7SERIES.NO_BMM_INFO.SDP.SIMPLE_PRIM36.ram. 9 registers were pushed out.
INFO: [Physopt 32-665] Processed cell my_graphics/my_manager/buffer1/U0/inst_blk_mem_gen/gnbram.gnativebmg.native_blk_mem_gen/valid.cstr/ramloop[76].ram.r/prim_init.ram/DEVICE_7SERIES.NO_BMM_INFO.SDP.SIMPLE_PRIM36.ram. 9 registers were pushed out.
INFO: [Physopt 32-665] Processed cell my_graphics/my_manager/buffer0/U0/inst_blk_mem_gen/gnbram.gnativebmg.native_blk_mem_gen/valid.cstr/ramloop[47].ram.r/prim_init.ram/DEVICE_7SERIES.NO_BMM_INFO.SDP.SIMPLE_PRIM36.ram. 9 registers were pushed out.
INFO: [Physopt 32-665] Processed cell my_graphics/my_manager/buffer1/U0/inst_blk_mem_gen/gnbram.gnativebmg.native_blk_mem_gen/valid.cstr/ramloop[56].ram.r/prim_init.ram/DEVICE_7SERIES.NO_BMM_INFO.SDP.SIMPLE_PRIM36.ram. 9 registers were pushed out.
INFO: [Physopt 32-665] Processed cell my_graphics/my_manager/buffer1/U0/inst_blk_mem_gen/gnbram.gnativebmg.native_blk_mem_gen/valid.cstr/ramloop[67].ram.r/prim_init.ram/DEVICE_7SERIES.NO_BMM_INFO.SDP.SIMPLE_PRIM36.ram. 9 registers were pushed out.
INFO: [Physopt 32-665] Processed cell my_graphics/my_manager/buffer1/U0/inst_blk_mem_gen/gnbram.gnativebmg.native_blk_mem_gen/valid.cstr/ramloop[45].ram.r/prim_init.ram/DEVICE_7SERIES.NO_BMM_INFO.SDP.SIMPLE_PRIM36.ram. 9 registers were pushed out.
INFO: [Physopt 32-665] Processed cell my_graphics/my_manager/buffer0/U0/inst_blk_mem_gen/gnbram.gnativebmg.native_blk_mem_gen/valid.cstr/ramloop[23].ram.r/prim_init.ram/DEVICE_7SERIES.NO_BMM_INFO.SDP.SIMPLE_PRIM36.ram. 9 registers were pushed out.
INFO: [Physopt 32-665] Processed cell my_graphics/my_manager/buffer1/U0/inst_blk_mem_gen/gnbram.gnativebmg.native_blk_mem_gen/valid.cstr/ramloop[0].ram.r/prim_init.ram/DEVICE_7SERIES.NO_BMM_INFO.SDP.SIMPLE_PRIM36.ram. 9 registers were pushed out.
INFO: [Physopt 32-665] Processed cell my_graphics/my_manager/buffer1/U0/inst_blk_mem_gen/gnbram.gnativebmg.native_blk_mem_gen/valid.cstr/ramloop[78].ram.r/prim_init.ram/DEVICE_7SERIES.NO_BMM_INFO.SDP.SIMPLE_PRIM36.ram. 9 registers were pushed out.
INFO: [Physopt 32-665] Processed cell my_graphics/my_manager/buffer1/U0/inst_blk_mem_gen/gnbram.gnativebmg.native_blk_mem_gen/valid.cstr/ramloop[60].ram.r/prim_init.ram/DEVICE_7SERIES.NO_BMM_INFO.SDP.SIMPLE_PRIM36.ram. 9 registers were pushed out.
INFO: [Physopt 32-665] Processed cell my_graphics/my_manager/buffer1/U0/inst_blk_mem_gen/gnbram.gnativebmg.native_blk_mem_gen/valid.cstr/ramloop[37].ram.r/prim_init.ram/DEVICE_7SERIES.NO_BMM_INFO.SDP.SIMPLE_PRIM36.ram. 9 registers were pushed out.
INFO: [Physopt 32-665] Processed cell my_graphics/my_manager/buffer0/U0/inst_blk_mem_gen/gnbram.gnativebmg.native_blk_mem_gen/valid.cstr/ramloop[68].ram.r/prim_init.ram/DEVICE_7SERIES.NO_BMM_INFO.SDP.SIMPLE_PRIM36.ram. 9 registers were pushed out.
INFO: [Physopt 32-665] Processed cell my_graphics/my_manager/buffer0/U0/inst_blk_mem_gen/gnbram.gnativebmg.native_blk_mem_gen/valid.cstr/ramloop[67].ram.r/prim_init.ram/DEVICE_7SERIES.NO_BMM_INFO.SDP.SIMPLE_PRIM36.ram. 9 registers were pushed out.
INFO: [Physopt 32-665] Processed cell my_graphics/my_manager/buffer0/U0/inst_blk_mem_gen/gnbram.gnativebmg.native_blk_mem_gen/valid.cstr/ramloop[44].ram.r/prim_init.ram/DEVICE_7SERIES.NO_BMM_INFO.SDP.SIMPLE_PRIM36.ram. 9 registers were pushed out.
INFO: [Physopt 32-665] Processed cell my_graphics/my_manager/buffer0/U0/inst_blk_mem_gen/gnbram.gnativebmg.native_blk_mem_gen/valid.cstr/ramloop[65].ram.r/prim_init.ram/DEVICE_7SERIES.NO_BMM_INFO.SDP.SIMPLE_PRIM36.ram. 9 registers were pushed out.
INFO: [Physopt 32-665] Processed cell my_graphics/my_manager/buffer0/U0/inst_blk_mem_gen/gnbram.gnativebmg.native_blk_mem_gen/valid.cstr/ramloop[69].ram.r/prim_init.ram/DEVICE_7SERIES.NO_BMM_INFO.SDP.SIMPLE_PRIM36.ram. 9 registers were pushed out.
INFO: [Physopt 32-665] Processed cell my_graphics/my_manager/buffer1/U0/inst_blk_mem_gen/gnbram.gnativebmg.native_blk_mem_gen/valid.cstr/ramloop[12].ram.r/prim_init.ram/DEVICE_7SERIES.NO_BMM_INFO.SDP.SIMPLE_PRIM36.ram. 9 registers were pushed out.
INFO: [Physopt 32-665] Processed cell my_graphics/my_manager/buffer0/U0/inst_blk_mem_gen/gnbram.gnativebmg.native_blk_mem_gen/valid.cstr/ramloop[2].ram.r/prim_init.ram/DEVICE_7SERIES.NO_BMM_INFO.SDP.SIMPLE_PRIM36.ram. 9 registers were pushed out.
INFO: [Physopt 32-665] Processed cell my_graphics/my_manager/buffer0/U0/inst_blk_mem_gen/gnbram.gnativebmg.native_blk_mem_gen/valid.cstr/ramloop[77].ram.r/prim_init.ram/DEVICE_7SERIES.NO_BMM_INFO.SDP.SIMPLE_PRIM36.ram. 9 registers were pushed out.
INFO: [Physopt 32-665] Processed cell my_graphics/my_manager/buffer1/U0/inst_blk_mem_gen/gnbram.gnativebmg.native_blk_mem_gen/valid.cstr/ramloop[54].ram.r/prim_init.ram/DEVICE_7SERIES.NO_BMM_INFO.SDP.SIMPLE_PRIM36.ram. 9 registers were pushed out.
INFO: [Physopt 32-665] Processed cell my_graphics/my_manager/buffer0/U0/inst_blk_mem_gen/gnbram.gnativebmg.native_blk_mem_gen/valid.cstr/ramloop[7].ram.r/prim_init.ram/DEVICE_7SERIES.NO_BMM_INFO.SDP.SIMPLE_PRIM36.ram. 9 registers were pushed out.
INFO: [Physopt 32-665] Processed cell my_graphics/my_manager/buffer0/U0/inst_blk_mem_gen/gnbram.gnativebmg.native_blk_mem_gen/valid.cstr/ramloop[19].ram.r/prim_init.ram/DEVICE_7SERIES.NO_BMM_INFO.SDP.SIMPLE_PRIM36.ram. 9 registers were pushed out.
INFO: [Physopt 32-665] Processed cell my_graphics/my_manager/buffer1/U0/inst_blk_mem_gen/gnbram.gnativebmg.native_blk_mem_gen/valid.cstr/ramloop[29].ram.r/prim_init.ram/DEVICE_7SERIES.NO_BMM_INFO.SDP.SIMPLE_PRIM36.ram. 9 registers were pushed out.
INFO: [Physopt 32-665] Processed cell my_graphics/my_manager/buffer0/U0/inst_blk_mem_gen/gnbram.gnativebmg.native_blk_mem_gen/valid.cstr/ramloop[64].ram.r/prim_init.ram/DEVICE_7SERIES.NO_BMM_INFO.SDP.SIMPLE_PRIM36.ram. 9 registers were pushed out.
INFO: [Physopt 32-665] Processed cell my_graphics/my_manager/buffer0/U0/inst_blk_mem_gen/gnbram.gnativebmg.native_blk_mem_gen/valid.cstr/ramloop[31].ram.r/prim_init.ram/DEVICE_7SERIES.NO_BMM_INFO.SDP.SIMPLE_PRIM36.ram. 9 registers were pushed out.
INFO: [Physopt 32-665] Processed cell my_graphics/my_manager/buffer0/U0/inst_blk_mem_gen/gnbram.gnativebmg.native_blk_mem_gen/valid.cstr/ramloop[54].ram.r/prim_init.ram/DEVICE_7SERIES.NO_BMM_INFO.SDP.SIMPLE_PRIM36.ram. 9 registers were pushed out.
INFO: [Physopt 32-665] Processed cell my_graphics/my_manager/buffer1/U0/inst_blk_mem_gen/gnbram.gnativebmg.native_blk_mem_gen/valid.cstr/ramloop[22].ram.r/prim_init.ram/DEVICE_7SERIES.NO_BMM_INFO.SDP.SIMPLE_PRIM36.ram. 9 registers were pushed out.
INFO: [Physopt 32-665] Processed cell my_graphics/my_manager/buffer0/U0/inst_blk_mem_gen/gnbram.gnativebmg.native_blk_mem_gen/valid.cstr/ramloop[5].ram.r/prim_init.ram/DEVICE_7SERIES.NO_BMM_INFO.SDP.SIMPLE_PRIM36.ram. 9 registers were pushed out.
INFO: [Physopt 32-665] Processed cell my_graphics/my_manager/buffer1/U0/inst_blk_mem_gen/gnbram.gnativebmg.native_blk_mem_gen/valid.cstr/ramloop[36].ram.r/prim_init.ram/DEVICE_7SERIES.NO_BMM_INFO.SDP.SIMPLE_PRIM36.ram. 9 registers were pushed out.
INFO: [Physopt 32-665] Processed cell my_graphics/my_manager/buffer0/U0/inst_blk_mem_gen/gnbram.gnativebmg.native_blk_mem_gen/valid.cstr/ramloop[28].ram.r/prim_init.ram/DEVICE_7SERIES.NO_BMM_INFO.SDP.SIMPLE_PRIM36.ram. 9 registers were pushed out.
INFO: [Physopt 32-665] Processed cell my_graphics/my_manager/buffer1/U0/inst_blk_mem_gen/gnbram.gnativebmg.native_blk_mem_gen/valid.cstr/ramloop[30].ram.r/prim_init.ram/DEVICE_7SERIES.NO_BMM_INFO.SDP.SIMPLE_PRIM36.ram. 9 registers were pushed out.
INFO: [Physopt 32-665] Processed cell my_graphics/my_manager/buffer1/U0/inst_blk_mem_gen/gnbram.gnativebmg.native_blk_mem_gen/valid.cstr/ramloop[27].ram.r/prim_init.ram/DEVICE_7SERIES.NO_BMM_INFO.SDP.SIMPLE_PRIM36.ram. 9 registers were pushed out.
INFO: [Physopt 32-665] Processed cell my_graphics/my_manager/buffer1/U0/inst_blk_mem_gen/gnbram.gnativebmg.native_blk_mem_gen/valid.cstr/ramloop[65].ram.r/prim_init.ram/DEVICE_7SERIES.NO_BMM_INFO.SDP.SIMPLE_PRIM36.ram. 9 registers were pushed out.
INFO: [Physopt 32-665] Processed cell my_graphics/my_manager/buffer1/U0/inst_blk_mem_gen/gnbram.gnativebmg.native_blk_mem_gen/valid.cstr/ramloop[77].ram.r/prim_init.ram/DEVICE_7SERIES.NO_BMM_INFO.SDP.SIMPLE_PRIM36.ram. 9 registers were pushed out.
INFO: [Physopt 32-665] Processed cell my_graphics/my_manager/buffer0/U0/inst_blk_mem_gen/gnbram.gnativebmg.native_blk_mem_gen/valid.cstr/ramloop[73].ram.r/prim_init.ram/DEVICE_7SERIES.NO_BMM_INFO.SDP.SIMPLE_PRIM36.ram. 9 registers were pushed out.
INFO: [Physopt 32-665] Processed cell my_graphics/my_manager/buffer1/U0/inst_blk_mem_gen/gnbram.gnativebmg.native_blk_mem_gen/valid.cstr/ramloop[26].ram.r/prim_init.ram/DEVICE_7SERIES.NO_BMM_INFO.SDP.SIMPLE_PRIM36.ram. 9 registers were pushed out.
INFO: [Physopt 32-665] Processed cell my_graphics/my_manager/buffer0/U0/inst_blk_mem_gen/gnbram.gnativebmg.native_blk_mem_gen/valid.cstr/ramloop[16].ram.r/prim_init.ram/DEVICE_7SERIES.NO_BMM_INFO.SDP.SIMPLE_PRIM36.ram. 9 registers were pushed out.
INFO: [Physopt 32-665] Processed cell my_graphics/my_manager/buffer1/U0/inst_blk_mem_gen/gnbram.gnativebmg.native_blk_mem_gen/valid.cstr/ramloop[23].ram.r/prim_init.ram/DEVICE_7SERIES.NO_BMM_INFO.SDP.SIMPLE_PRIM36.ram. 9 registers were pushed out.
INFO: [Physopt 32-665] Processed cell my_graphics/my_manager/buffer0/U0/inst_blk_mem_gen/gnbram.gnativebmg.native_blk_mem_gen/valid.cstr/ramloop[75].ram.r/prim_init.ram/DEVICE_7SERIES.NO_BMM_INFO.SDP.SIMPLE_PRIM36.ram. 9 registers were pushed out.
INFO: [Physopt 32-665] Processed cell my_graphics/my_manager/buffer0/U0/inst_blk_mem_gen/gnbram.gnativebmg.native_blk_mem_gen/valid.cstr/ramloop[49].ram.r/prim_init.ram/DEVICE_7SERIES.NO_BMM_INFO.SDP.SIMPLE_PRIM36.ram. 9 registers were pushed out.
INFO: [Physopt 32-665] Processed cell my_graphics/my_manager/buffer0/U0/inst_blk_mem_gen/gnbram.gnativebmg.native_blk_mem_gen/valid.cstr/ramloop[70].ram.r/prim_init.ram/DEVICE_7SERIES.NO_BMM_INFO.SDP.SIMPLE_PRIM36.ram. 9 registers were pushed out.
INFO: [Physopt 32-665] Processed cell my_graphics/my_manager/buffer1/U0/inst_blk_mem_gen/gnbram.gnativebmg.native_blk_mem_gen/valid.cstr/ramloop[64].ram.r/prim_init.ram/DEVICE_7SERIES.NO_BMM_INFO.SDP.SIMPLE_PRIM36.ram. 9 registers were pushed out.
INFO: [Physopt 32-665] Processed cell my_graphics/my_manager/buffer0/U0/inst_blk_mem_gen/gnbram.gnativebmg.native_blk_mem_gen/valid.cstr/ramloop[29].ram.r/prim_init.ram/DEVICE_7SERIES.NO_BMM_INFO.SDP.SIMPLE_PRIM36.ram. 9 registers were pushed out.
INFO: [Physopt 32-665] Processed cell my_graphics/my_manager/buffer0/U0/inst_blk_mem_gen/gnbram.gnativebmg.native_blk_mem_gen/valid.cstr/ramloop[51].ram.r/prim_init.ram/DEVICE_7SERIES.NO_BMM_INFO.SDP.SIMPLE_PRIM36.ram. 9 registers were pushed out.
INFO: [Physopt 32-665] Processed cell my_graphics/my_manager/buffer1/U0/inst_blk_mem_gen/gnbram.gnativebmg.native_blk_mem_gen/valid.cstr/ramloop[66].ram.r/prim_init.ram/DEVICE_7SERIES.NO_BMM_INFO.SDP.SIMPLE_PRIM36.ram. 9 registers were pushed out.
INFO: [Physopt 32-665] Processed cell my_graphics/my_manager/buffer1/U0/inst_blk_mem_gen/gnbram.gnativebmg.native_blk_mem_gen/valid.cstr/ramloop[6].ram.r/prim_init.ram/DEVICE_7SERIES.NO_BMM_INFO.SDP.SIMPLE_PRIM36.ram. 9 registers were pushed out.
INFO: [Physopt 32-665] Processed cell my_graphics/my_manager/buffer1/U0/inst_blk_mem_gen/gnbram.gnativebmg.native_blk_mem_gen/valid.cstr/ramloop[18].ram.r/prim_init.ram/DEVICE_7SERIES.NO_BMM_INFO.SDP.SIMPLE_PRIM36.ram. 9 registers were pushed out.
INFO: [Physopt 32-665] Processed cell my_graphics/my_manager/buffer1/U0/inst_blk_mem_gen/gnbram.gnativebmg.native_blk_mem_gen/valid.cstr/ramloop[7].ram.r/prim_init.ram/DEVICE_7SERIES.NO_BMM_INFO.SDP.SIMPLE_PRIM36.ram. 9 registers were pushed out.
INFO: [Physopt 32-665] Processed cell my_graphics/my_manager/buffer0/U0/inst_blk_mem_gen/gnbram.gnativebmg.native_blk_mem_gen/valid.cstr/ramloop[35].ram.r/prim_init.ram/DEVICE_7SERIES.NO_BMM_INFO.SDP.SIMPLE_PRIM36.ram. 9 registers were pushed out.
INFO: [Physopt 32-665] Processed cell my_graphics/my_manager/buffer1/U0/inst_blk_mem_gen/gnbram.gnativebmg.native_blk_mem_gen/valid.cstr/ramloop[62].ram.r/prim_init.ram/DEVICE_7SERIES.NO_BMM_INFO.SDP.SIMPLE_PRIM36.ram. 9 registers were pushed out.
INFO: [Physopt 32-665] Processed cell my_graphics/my_manager/buffer1/U0/inst_blk_mem_gen/gnbram.gnativebmg.native_blk_mem_gen/valid.cstr/ramloop[3].ram.r/prim_init.ram/DEVICE_7SERIES.NO_BMM_INFO.SDP.SIMPLE_PRIM36.ram. 9 registers were pushed out.
INFO: [Physopt 32-665] Processed cell my_graphics/my_manager/buffer0/U0/inst_blk_mem_gen/gnbram.gnativebmg.native_blk_mem_gen/valid.cstr/ramloop[30].ram.r/prim_init.ram/DEVICE_7SERIES.NO_BMM_INFO.SDP.SIMPLE_PRIM36.ram. 9 registers were pushed out.
INFO: [Physopt 32-665] Processed cell my_graphics/my_manager/buffer0/U0/inst_blk_mem_gen/gnbram.gnativebmg.native_blk_mem_gen/valid.cstr/ramloop[22].ram.r/prim_init.ram/DEVICE_7SERIES.NO_BMM_INFO.SDP.SIMPLE_PRIM36.ram. 9 registers were pushed out.
INFO: [Physopt 32-665] Processed cell my_graphics/my_manager/buffer1/U0/inst_blk_mem_gen/gnbram.gnativebmg.native_blk_mem_gen/valid.cstr/ramloop[11].ram.r/prim_init.ram/DEVICE_7SERIES.NO_BMM_INFO.SDP.SIMPLE_PRIM36.ram. 9 registers were pushed out.
INFO: [Physopt 32-665] Processed cell my_graphics/my_manager/buffer1/U0/inst_blk_mem_gen/gnbram.gnativebmg.native_blk_mem_gen/valid.cstr/ramloop[24].ram.r/prim_init.ram/DEVICE_7SERIES.NO_BMM_INFO.SDP.SIMPLE_PRIM36.ram. 9 registers were pushed out.
INFO: [Physopt 32-665] Processed cell my_graphics/my_manager/buffer1/U0/inst_blk_mem_gen/gnbram.gnativebmg.native_blk_mem_gen/valid.cstr/ramloop[73].ram.r/prim_init.ram/DEVICE_7SERIES.NO_BMM_INFO.SDP.SIMPLE_PRIM36.ram. 9 registers were pushed out.
INFO: [Physopt 32-665] Processed cell my_graphics/my_manager/buffer1/U0/inst_blk_mem_gen/gnbram.gnativebmg.native_blk_mem_gen/valid.cstr/ramloop[2].ram.r/prim_init.ram/DEVICE_7SERIES.NO_BMM_INFO.SDP.SIMPLE_PRIM36.ram. 9 registers were pushed out.
INFO: [Common 17-14] Message 'Physopt 32-665' appears 100 times and further instances of the messages will be disabled. Use the Tcl command set_msg_config to change the current settings.
INFO: [Physopt 32-775] End 1 Pass. Optimized 100 nets or cells. Created 900 new cells, deleted 0 existing cell and moved 0 existing cell
Netlist sorting complete. Time (s): cpu = 00:00:00 ; elapsed = 00:00:00.232 . Memory (MB): peak = 3009.422 ; gain = 0.000
INFO: [Physopt 32-949] No candidate nets found for HD net replication
INFO: [Physopt 32-775] End 1 Pass. Optimized 0 net or cell. Created 0 new cell, deleted 0 existing cell and moved 0 existing cell
Netlist sorting complete. Time (s): cpu = 00:00:00 ; elapsed = 00:00:00.061 . Memory (MB): peak = 3009.422 ; gain = 0.000

Summary of Physical Synthesis Optimizations
============================================


----------------------------------------------------------------------------------------------------------------------------------------
|  Optimization                  |  Added Cells  |  Removed Cells  |  Optimized Cells/Nets  |  Dont Touch  |  Iterations  |  Elapsed   |
----------------------------------------------------------------------------------------------------------------------------------------
|  Very High Fanout              |            0  |              0  |                     0  |           0  |           1  |  00:00:00  |
|  Critical Cell                 |            0  |              0  |                     0  |           0  |           1  |  00:00:00  |
|  DSP Register                  |           20  |              0  |                     1  |           0  |           1  |  00:00:00  |
|  Shift Register                |            0  |              0  |                     0  |           0  |           1  |  00:00:00  |
|  BRAM Register                 |          900  |              0  |                   100  |           0  |           1  |  00:00:12  |
|  HD Interface Net Replication  |            0  |              0  |                     0  |           0  |           1  |  00:00:00  |
|  Total                         |          920  |              0  |                   101  |           0  |           6  |  00:00:13  |
----------------------------------------------------------------------------------------------------------------------------------------


Phase 2.2.1 Physical Synthesis In Placer | Checksum: 15b374928

Time (s): cpu = 00:02:01 ; elapsed = 00:01:22 . Memory (MB): peak = 3009.422 ; gain = 0.000
Phase 2.2 Global Placement Core | Checksum: a3f42efa

Time (s): cpu = 00:02:13 ; elapsed = 00:01:35 . Memory (MB): peak = 3009.422 ; gain = 0.000
Phase 2 Global Placement | Checksum: a3f42efa

Time (s): cpu = 00:02:13 ; elapsed = 00:01:35 . Memory (MB): peak = 3009.422 ; gain = 0.000

Phase 3 Detail Placement

Phase 3.1 Commit Multi Column Macros
Phase 3.1 Commit Multi Column Macros | Checksum: f9bd0f06

Time (s): cpu = 00:02:19 ; elapsed = 00:01:39 . Memory (MB): peak = 3009.422 ; gain = 0.000

Phase 3.2 Commit Most Macros & LUTRAMs
Phase 3.2 Commit Most Macros & LUTRAMs | Checksum: 16b8aaec0

Time (s): cpu = 00:02:29 ; elapsed = 00:01:47 . Memory (MB): peak = 3009.422 ; gain = 0.000

Phase 3.3 Area Swap Optimization
Phase 3.3 Area Swap Optimization | Checksum: 10fa91d9e

Time (s): cpu = 00:02:30 ; elapsed = 00:01:47 . Memory (MB): peak = 3009.422 ; gain = 0.000

Phase 3.4 Pipeline Register Optimization
Phase 3.4 Pipeline Register Optimization | Checksum: 1a728ad3d

Time (s): cpu = 00:02:30 ; elapsed = 00:01:48 . Memory (MB): peak = 3009.422 ; gain = 0.000

Phase 3.5 Fast Optimization
Phase 3.5 Fast Optimization | Checksum: 1de80746b

Time (s): cpu = 00:02:43 ; elapsed = 00:01:57 . Memory (MB): peak = 3009.422 ; gain = 0.000

Phase 3.6 Small Shape Detail Placement
Phase 3.6 Small Shape Detail Placement | Checksum: 1454a3e54

Time (s): cpu = 00:02:57 ; elapsed = 00:02:14 . Memory (MB): peak = 3009.422 ; gain = 0.000

Phase 3.7 Re-assign LUT pins
Phase 3.7 Re-assign LUT pins | Checksum: 13742bda2

Time (s): cpu = 00:03:00 ; elapsed = 00:02:57 . Memory (MB): peak = 3009.422 ; gain = 0.000

Phase 3.8 Pipeline Register Optimization
Phase 3.8 Pipeline Register Optimization | Checksum: 12b0977ba

Time (s): cpu = 00:03:00 ; elapsed = 00:02:57 . Memory (MB): peak = 3009.422 ; gain = 0.000

Phase 3.9 Fast Optimization
Phase 3.9 Fast Optimization | Checksum: 14684b60e

Time (s): cpu = 00:03:25 ; elapsed = 00:03:18 . Memory (MB): peak = 3009.422 ; gain = 0.000
Phase 3 Detail Placement | Checksum: 14684b60e

Time (s): cpu = 00:03:25 ; elapsed = 00:03:19 . Memory (MB): peak = 3009.422 ; gain = 0.000

Phase 4 Post Placement Optimization and Clean-Up

Phase 4.1 Post Commit Optimization
INFO: [Timing 38-35] Done setting XDC timing constraints.

Phase 4.1.1 Post Placement Optimization
Post Placement Optimization Initialization | Checksum: 1391e44aa

Phase 4.1.1.1 BUFG Insertion
INFO: [Place 46-56] BUFG insertion identified 0 candidate nets. Inserted BUFG: 0, Replicated BUFG Driver: 0, Skipped due to Placement/Routing Conflicts: 0, Skipped due to Timing Degradation: 0, Skipped due to Illegal Netlist: 0.
Phase 4.1.1.1 BUFG Insertion | Checksum: 1391e44aa

Time (s): cpu = 00:03:48 ; elapsed = 00:03:35 . Memory (MB): peak = 3009.422 ; gain = 0.000
INFO: [Place 30-746] Post Placement Timing Summary WNS=0.128. For the most accurate timing information please run report_timing.
Phase 4.1.1 Post Placement Optimization | Checksum: 15221664c

Time (s): cpu = 00:04:40 ; elapsed = 00:04:22 . Memory (MB): peak = 3009.422 ; gain = 0.000
Phase 4.1 Post Commit Optimization | Checksum: 15221664c

Time (s): cpu = 00:04:41 ; elapsed = 00:04:23 . Memory (MB): peak = 3009.422 ; gain = 0.000

Phase 4.2 Post Placement Cleanup
Phase 4.2 Post Placement Cleanup | Checksum: 15221664c

Time (s): cpu = 00:04:41 ; elapsed = 00:04:23 . Memory (MB): peak = 3009.422 ; gain = 0.000

Phase 4.3 Placer Reporting
Phase 4.3 Placer Reporting | Checksum: 15221664c

Time (s): cpu = 00:04:42 ; elapsed = 00:04:24 . Memory (MB): peak = 3009.422 ; gain = 0.000

Phase 4.4 Final Placement Cleanup
Netlist sorting complete. Time (s): cpu = 00:00:00 ; elapsed = 00:00:00.095 . Memory (MB): peak = 3009.422 ; gain = 0.000
Phase 4.4 Final Placement Cleanup | Checksum: 1f1b7e7ae

Time (s): cpu = 00:04:42 ; elapsed = 00:04:24 . Memory (MB): peak = 3009.422 ; gain = 0.000
Phase 4 Post Placement Optimization and Clean-Up | Checksum: 1f1b7e7ae

Time (s): cpu = 00:04:43 ; elapsed = 00:04:24 . Memory (MB): peak = 3009.422 ; gain = 0.000
Ending Placer Task | Checksum: ff0f552c

Time (s): cpu = 00:04:43 ; elapsed = 00:04:24 . Memory (MB): peak = 3009.422 ; gain = 0.000
INFO: [Common 17-83] Releasing license: Implementation
256 Infos, 0 Warnings, 0 Critical Warnings and 0 Errors encountered.
place_design completed successfully
place_design: Time (s): cpu = 00:04:48 ; elapsed = 00:04:27 . Memory (MB): peak = 3009.422 ; gain = 0.000
Netlist sorting complete. Time (s): cpu = 00:00:00 ; elapsed = 00:00:00.070 . Memory (MB): peak = 3009.422 ; gain = 0.000
INFO: [Timing 38-480] Writing timing data to binary archive.
Writing placer database...
